#
# A fatal error has been detected by the Java Runtime Environment:
#
#  Internal Error (jvmciRuntime.cpp:1609), pid=40, tid=64
#  fatal error: Fatal exception in JVMCI: Error calling jdk.vm.ci.services.Services.serializeSavedProperties
#
# JRE version: OpenJDK Runtime Environment GraalVM CE 22.3.0 (17.0.5+8) (build 17.0.5+8-jvmci-22.3-b08)
# Java VM: OpenJDK 64-Bit Server VM GraalVM CE 22.3.0 (17.0.5+8-jvmci-22.3-b08, mixed mode, sharing, tiered, jvmci, jvmci compiler, compressed oops, compressed class ptrs, parallel gc, linux-amd64)
# Problematic frame:
# V  [libjvm.so+0x972714]  JVMCIRuntime::fatal_exception(JVMCIEnv*, char const*)+0x74
#
# Core dump will be written. Default location: Core dumps may be processed with "/usr/share/apport/apport -p%p -s%s -c%c -d%d -P%P -u%u -g%g -- %E" (or dumping to /home/runner/CardGame/core.40)
#
# If you would like to submit a bug report, please visit:
#   https://github.com/oracle/graal/issues
#

---------------  S U M M A R Y ------------

Command Line: -XX:ThreadPriorityPolicy=1 -XX:+UnlockExperimentalVMOptions -XX:+EnableJVMCIProduct -XX:JVMCIThreadsPerNativeLibraryRuntime=1 -XX:-UnlockExperimentalVMOptions -Declipse.application=org.eclipse.jdt.ls.core.id1 -Dosgi.bundles.defaultStartLevel=4 -Declipse.product=org.eclipse.jdt.ls.core.product -Dlog.level=ALL -Xverify:none -XX:+UseParallelGC -XX:GCTimeRatio=4 -XX:AdaptiveSizePolicyWeight=90 -Dsun.zip.disableMemoryMapping=true -Xmx512m -Xms100m /nix/store/a7s9klvriqi68xz3qjc0qyfl5h86xc16-jdt-language-server-1.9.0/share/java/plugins/org.eclipse.equinox.launcher_1.6.400.v20210924-0641.jar --add-modules=ALL-SYSTEM --add-opens java.base/java.util=ALL-UNNAMED --add-opens java.base/java.lang=ALL-UNNAMED -configuration /home/runner/CardGame/.cache/jdt-language-server/config -data /home/runner/CardGame/.cache/jdt-language-server/data/home/runner/CardGame

Host: Intel(R) Xeon(R) CPU @ 2.20GHz, 8 cores, 1G, Ubuntu 20.04.2 LTS
Time: Wed Jan 10 05:31:22 2024 UTC elapsed time: 687.423604 seconds (0d 0h 11m 27s)

---------------  T H R E A D  ---------------

Current thread (0x00007f1c940b1c80):  JavaThread "JVMCI-native CompilerThread0" daemon [_thread_in_vm, id=64, stack(0x00007f1c78f1a000,0x00007f1c7911a000)]


Current CompileTask:
JVMCI-native: 687424 5911       4       org.eclipse.jdt.internal.compiler.env.ITypeAnnotationWalker$1::getAnnotationsAtCursor (4 bytes)

Stack: [0x00007f1c78f1a000,0x00007f1c7911a000],  sp=0x00007f1c79118380,  free space=2040k
Native frames: (J=compiled Java code, j=interpreted, Vv=VM code, C=native code)
V  [libjvm.so+0x972714]  JVMCIRuntime::fatal_exception(JVMCIEnv*, char const*)+0x74
V  [libjvm.so+0x93e2fe]  JVMCIEnv::copy_saved_properties()+0x14e
V  [libjvm.so+0x9732a9]  JVMCIRuntime::initialize(JVMCIEnv*)+0xb19
V  [libjvm.so+0x9738a2]  JVMCIRuntime::get_HotSpotJVMCIRuntime(JVMCIEnv*)+0x12
V  [libjvm.so+0x9749f2]  JVMCIRuntime::compile_method(JVMCIEnv*, JVMCICompiler*, methodHandle const&, int)+0xd2
V  [libjvm.so+0x5b0d20]  CompileBroker::invoke_compiler_on_method(CompileTask*)+0x1470
V  [libjvm.so+0x5b12e8]  CompileBroker::compiler_thread_loop()+0x528
V  [libjvm.so+0xd82460]  JavaThread::thread_main_inner()+0xd0
V  [libjvm.so+0xd85a40]  Thread::call_run()+0xc0
V  [libjvm.so+0xbdb1e1]  thread_native_entry(Thread*)+0xe1

Register to memory mapping:

RAX=0x00007f1c98cb0000 points into unknown readable memory: 0x0000000000000058 | 58 00 00 00 00 00 00 00
RBX=0x00007f1c99dab398: <offset 0x0000000000ef5398> in /nix/store/gpxl5qgg8kicmcvivwmybwjlpf7wh20l-graalvm17-ce-22.3.0/lib/server/libjvm.so at 0x00007f1c98eb6000
RCX=0x00007f1c99d631e8: <offset 0x0000000000ead1e8> in /nix/store/gpxl5qgg8kicmcvivwmybwjlpf7wh20l-graalvm17-ce-22.3.0/lib/server/libjvm.so at 0x00007f1c98eb6000
RDX=0x0000000000000649 is an unknown value
RSP=0x00007f1c79118380 is pointing into the stack for thread: 0x00007f1c940b1c80
RBP=0x00007f1c791183a0 is pointing into the stack for thread: 0x00007f1c940b1c80
RSI=0x00007f1c99dabc48: <offset 0x0000000000ef5c48> in /nix/store/gpxl5qgg8kicmcvivwmybwjlpf7wh20l-graalvm17-ce-22.3.0/lib/server/libjvm.so at 0x00007f1c98eb6000
RDI=0x00000000e0000000 is an oop: java.util.LinkedHashMap$Entry 
{0x00000000e0000000} - klass: 'java/util/LinkedHashMap$Entry'
 - ---- fields (total size 5 words):
 - final 'hash' 'I' @12  -2034522908 (86bba4e4)
 - final 'key' 'Ljava/lang/Object;' @16  a 'java/util/jar/Attributes$Name'{0x00000000e05b5ea0} (e05b5ea0)
 - 'value' 'Ljava/lang/Object;' @20  "ULYY6/Io39k5Uwm/4g2FjTkmgpdO1SgdL8DpDWZ5uNA="{0x00000000e0000028} (e0000028)
 - 'next' 'Ljava/util/HashMap$Node;' @24  NULL (0)
 - 'before' 'Ljava/util/LinkedHashMap$Entry;' @28  NULL (0)
 - 'after' 'Ljava/util/LinkedHashMap$Entry;' @32  NULL (0)
R8 =0x00007f1c99dab398: <offset 0x0000000000ef5398> in /nix/store/gpxl5qgg8kicmcvivwmybwjlpf7wh20l-graalvm17-ce-22.3.0/lib/server/libjvm.so at 0x00007f1c98eb6000
R9 =0x0000000000000003 is an unknown value
R10=0x00007f1c9a0fcda0: <offset 0x0000000001246da0> in /nix/store/gpxl5qgg8kicmcvivwmybwjlpf7wh20l-graalvm17-ce-22.3.0/lib/server/libjvm.so at 0x00007f1c98eb6000
R11=0x000000080044f048 is pointing into metadata
R12=0x0 is NULL
R13=0x00007f1c940b1c80 is a thread
R14=0x00007f1c94000b80 points into unknown readable memory: 0x00007f1c99fdca38 | 38 ca fd 99 1c 7f 00 00
R15=0x00007f1c9a0eae40: <offset 0x0000000001234e40> in /nix/store/gpxl5qgg8kicmcvivwmybwjlpf7wh20l-graalvm17-ce-22.3.0/lib/server/libjvm.so at 0x00007f1c98eb6000


Registers:
RAX=0x00007f1c98cb0000, RBX=0x00007f1c99dab398, RCX=0x00007f1c99d631e8, RDX=0x0000000000000649
RSP=0x00007f1c79118380, RBP=0x00007f1c791183a0, RSI=0x00007f1c99dabc48, RDI=0x00000000e0000000
R8 =0x00007f1c99dab398, R9 =0x0000000000000003, R10=0x00007f1c9a0fcda0, R11=0x000000080044f048
R12=0x0000000000000000, R13=0x00007f1c940b1c80, R14=0x00007f1c94000b80, R15=0x00007f1c9a0eae40
RIP=0x00007f1c99828714, EFLAGS=0x0000000000010206, CSGSFS=0x002b000000000033, ERR=0x0000000000000006
  TRAPNO=0x000000000000000e

Top of Stack: (sp=0x00007f1c79118380)
0x00007f1c79118380:   00007f1c79118940 00007f1c940b1c80
0x00007f1c79118390:   00007f1c986418c8 0000000800c417a0
0x00007f1c791183a0:   00007f1c79118500 00007f1c997f42fe
0x00007f1c791183b0:   00007f1c791183e0 00007f1c79118440 

Instructions: (pc=0x00007f1c99828714)
0x00007f1c99828614:   30 e8 f6 cf e8 ff 4c 89 e7 e8 2e 48 d1 ff 84 db
0x00007f1c99828624:   75 2a 4d 85 ed 74 04 4d 8b 6d 00 48 83 c4 08 44
0x00007f1c99828634:   89 f9 4c 89 f2 4c 89 ee 5b 4c 89 e7 41 5c 41 5d
0x00007f1c99828644:   41 5e 41 5f 5d e9 e2 47 d1 ff 66 90 48 83 c4 08
0x00007f1c99828654:   5b 41 5c 41 5d 41 5e 41 5f 5d c3 90 31 d2 be 08
0x00007f1c99828664:   00 00 00 4c 89 ff e8 b1 78 a3 ff 49 89 c5 e9 37
0x00007f1c99828674:   ff ff ff 66 0f 1f 84 00 00 00 00 00 48 8b 7a 08
0x00007f1c99828684:   e9 6d ff ff ff 0f 1f 80 00 00 00 00 e8 5b 48 0a
0x00007f1c99828694:   00 84 c0 75 89 e9 6a ff ff ff 66 90 55 48 89 e5
0x00007f1c998286a4:   41 56 41 55 41 54 49 89 fc 53 48 89 f3 66 48 8d
0x00007f1c998286b4:   3d 27 5e 85 00 66 66 48 e8 df 43 8d ff 4c 8b 28
0x00007f1c998286c4:   8b 05 be 72 8a 00 85 c0 75 14 ba 01 00 00 00 48
0x00007f1c998286d4:   8d 0d ae 72 8a 00 f0 0f b1 11 85 c0 74 4e be c8
0x00007f1c998286e4:   00 00 00 4c 89 ef e8 01 0b 41 00 48 8d 05 12 ac
0x00007f1c998286f4:   85 00 49 89 d8 48 8d 0d e8 aa 53 00 ba 49 06 00
0x00007f1c99828704:   00 48 8d 35 3c 35 58 00 bf 00 00 00 e0 48 8b 00
0x00007f1c99828714:   c6 00 58 31 c0 e8 e2 91 c6 ff 5b 41 5c 41 5d 41
0x00007f1c99828724:   5e 5d e9 55 34 26 00 0f 1f 44 00 00 48 8d 05 81
0x00007f1c99828734:   a3 8b 00 48 89 df 4c 8b 30 e8 9e 43 8d ff 48 89
0x00007f1c99828744:   de 48 89 c2 49 8b 06 4c 89 f7 ff 50 08 4c 89 f7
0x00007f1c99828754:   e8 a7 5c 27 00 4d 85 e4 74 12 be 01 00 00 00 4c
0x00007f1c99828764:   89 e7 e8 35 43 fc ff eb 82 0f 1f 00 be 01 00 00
0x00007f1c99828774:   00 4c 89 ef e8 d3 fd ff ff e9 6d ff ff ff 66 66
0x00007f1c99828784:   2e 0f 1f 84 00 00 00 00 00 0f 1f 00 55 48 89 e5
0x00007f1c99828794:   41 57 41 56 41 55 41 54 53 48 81 ec 08 02 00 00
0x00007f1c998287a4:   64 48 8b 04 25 28 00 00 00 48 89 45 c8 8b 07 83
0x00007f1c998287b4:   f8 02 0f 84 11 04 00 00 4c 8b 6f 18 49 89 ff 49
0x00007f1c998287c4:   89 f4 4d 85 ed 74 14 4c 89 ef e8 5d 57 22 00 41
0x00007f1c998287d4:   8b 07 83 f8 02 0f 84 19 04 00 00 48 8d 1d 9a 06
0x00007f1c998287e4:   8a 00 4c 8d 35 0b 3c 58 00 eb 38 90 48 85 d2 7f
0x00007f1c998287f4:   0d 48 8d 05 b4 c0 85 00 48 83 38 00 7e 0e 41 8b
0x00007f1c99828804:   77 2c 4c 89 f7 31 c0 e8 a0 b2 f7 ff 49 8b 7f 18 


Stack slot to memory mapping:
stack at sp + 0 slots: 0x00007f1c79118940 is pointing into the stack for thread: 0x00007f1c940b1c80
stack at sp + 1 slots: 0x00007f1c940b1c80 is a thread
stack at sp + 2 slots: 0x00007f1c986418c8 points into unknown readable memory: 0x6573001880c9ffff | ff ff c9 80 18 00 73 65
stack at sp + 3 slots: 0x0000000800c417a0 is a pointer to class: 
jdk.vm.ci.services.Services {0x0000000800c417a0}
 - instance size:     2
 - klass size:        65
 - access:            public final synchronized 
 - state:             fully_initialized
 - name:              'jdk/vm/ci/services/Services'
 - super:             'java/lang/Object'
 - sub:               
 - arrays:            NULL
 - methods:           Array<T>(0x00007f1c7983bfd8)
 - method ordering:   Array<T>(0x0000000800928960)
 - default_methods:   Array<T>(0x0000000000000000)
 - local interfaces:  Array<T>(0x00000008005ce810)
 - trans. interfaces: Array<T>(0x00000008005ce810)
 - constants:         constant pool [427] {0x00007f1c7983b0b8} for 'jdk/vm/ci/services/Services' cache=0x00007f1c7983d2a8
 - class loader data:  loader data: 0x00007f1c94027d10 of 'bootstrap'
 - source file:       'Services.java'
 - class annotations:       Array<T>(0x0000000000000000)
 - class type annotations:  Array<T>(0x0000000000000000)
 - field annotations:       Array<T>(0x0000000000000000)
 - field type annotations:  Array<T>(0x0000000000000000)
 - inner classes:     Array<T>(0x00007f1c7983d278)
 - nest members:     Array<T>(0x00007f1c7983d298)
 - permitted subclasses:     Array<T>(0x00000008005ce7a0)
 - java mirror:       a 'java/lang/Class'{0x00000000e02be938} = 'jdk/vm/ci/services/Services'
 - vtable length      5  (start addr: 0x0000000800c41970)
 - itable length      2 (start addr: 0x0000000800c41998)
 - ---- static fields (3 words):
 - public static final 'IS_BUILDING_NATIVE_IMAGE' 'Z' @128 
 - public static final 'IS_IN_NATIVE_IMAGE' 'Z' @129 
 - private static volatile 'savedProperties' 'Ljava/util/Map;' @112 
 - static final 'JVMCI_ENABLED' 'Z' @130 
 - private static final 'servicesCache' 'Ljava/util/Map;' @116 
 - private static final 'MAX_UNICODE_IN_UTF8_LENGTH' 'I' @120 
 - private static final 'MAX_UTF8_PROPERTY_STRING_LENGTH' 'I' @124 
 - ---- non-static fields (0 words):
 - non-static oop maps: 
stack at sp + 4 slots: 0x00007f1c79118500 is pointing into the stack for thread: 0x00007f1c940b1c80
stack at sp + 5 slots: 0x00007f1c997f42fe: <offset 0x000000000093e2fe> in /nix/store/gpxl5qgg8kicmcvivwmybwjlpf7wh20l-graalvm17-ce-22.3.0/lib/server/libjvm.so at 0x00007f1c98eb6000
stack at sp + 6 slots: 0x00007f1c791183e0 is pointing into the stack for thread: 0x00007f1c940b1c80
stack at sp + 7 slots: 0x00007f1c79118440 is pointing into the stack for thread: 0x00007f1c940b1c80


---------------  P R O C E S S  ---------------

Threads class SMR info:
_java_thread_list=0x00007f1c30002900, length=27, elements={
0x00007f1c94025fb0, 0x00007f1c940a5f50, 0x00007f1c940a7390, 0x00007f1c940adaf0,
0x00007f1c940aeea0, 0x00007f1c940b0290, 0x00007f1c940b1c80, 0x00007f1c940b3190,
0x00007f1c940b41f0, 0x00007f1c940d7090, 0x00007f1c9411ff30, 0x00007f1c942fc5b0,
0x00007f1c94344710, 0x00007f1c94347200, 0x00007f1c2802f8f0, 0x00007f1c2846d990,
0x00007f1c284ee6a0, 0x00007f1c28678b60, 0x00007f1c2867d4d0, 0x00007f1c1800f250,
0x00007f1c94363af0, 0x00007f1c943f80b0, 0x00007f1c04000ff0, 0x00007f1c202ef770,
0x00007f1c201fa570, 0x00007f1c182f1070, 0x00007f1c30001f40
}

Java Threads: ( => current thread )
  0x00007f1c94025fb0 JavaThread "main" [_thread_blocked, id=55, stack(0x00007f1c98cd1000,0x00007f1c98dd1000)]
  0x00007f1c940a5f50 JavaThread "Reference Handler" daemon [_thread_blocked, id=59, stack(0x00007f1c7a0e0000,0x00007f1c7a1e0000)]
  0x00007f1c940a7390 JavaThread "Finalizer" daemon [_thread_blocked, id=60, stack(0x00007f1c79700000,0x00007f1c79800000)]
  0x00007f1c940adaf0 JavaThread "Signal Dispatcher" daemon [_thread_blocked, id=61, stack(0x00007f1c7931a000,0x00007f1c7941a000)]
  0x00007f1c940aeea0 JavaThread "Service Thread" daemon [_thread_blocked, id=62, stack(0x00007f1c7921a000,0x00007f1c7931a000)]
  0x00007f1c940b0290 JavaThread "Monitor Deflation Thread" daemon [_thread_blocked, id=63, stack(0x00007f1c7911a000,0x00007f1c7921a000)]
=>0x00007f1c940b1c80 JavaThread "JVMCI-native CompilerThread0" daemon [_thread_in_vm, id=64, stack(0x00007f1c78f1a000,0x00007f1c7911a000)]
  0x00007f1c940b3190 JavaThread "C1 CompilerThread0" daemon [_thread_blocked, id=65, stack(0x00007f1c78d1a000,0x00007f1c78f1a000)]
  0x00007f1c940b41f0 JavaThread "Sweeper thread" daemon [_thread_blocked, id=66, stack(0x00007f1c78c1a000,0x00007f1c78d1a000)]
  0x00007f1c940d7090 JavaThread "Common-Cleaner" daemon [_thread_blocked, id=67, stack(0x00007f1c78b1a000,0x00007f1c78c1a000)]
  0x00007f1c9411ff30 JavaThread "Notification Thread" daemon [_thread_blocked, id=68, stack(0x00007f1c78a1a000,0x00007f1c78b1a000)]
  0x00007f1c942fc5b0 JavaThread "Active Thread: Equinox Container: f4a96ccf-4a01-48e9-9516-c2cb27877ecc" [_thread_blocked, id=79, stack(0x00007f1c78700000,0x00007f1c78800000)]
  0x00007f1c94344710 JavaThread "Framework Event Dispatcher: Equinox Container: f4a96ccf-4a01-48e9-9516-c2cb27877ecc" daemon [_thread_blocked, id=86, stack(0x00007f1c78500000,0x00007f1c78600000)]
  0x00007f1c94347200 JavaThread "Start Level: Equinox Container: f4a96ccf-4a01-48e9-9516-c2cb27877ecc" daemon [_thread_blocked, id=87, stack(0x00007f1c78300000,0x00007f1c78400000)]
  0x00007f1c2802f8f0 JavaThread "SCR Component Actor" daemon [_thread_blocked, id=88, stack(0x00007f1c78100000,0x00007f1c78200000)]
  0x00007f1c2846d990 JavaThread "Worker-JM" [_thread_blocked, id=96, stack(0x00007f1c40700000,0x00007f1c40800000)]
  0x00007f1c284ee6a0 JavaThread "Worker-0: Compacting resource model" [_thread_blocked, id=97, stack(0x00007f1c40500000,0x00007f1c40600000)]
  0x00007f1c28678b60 JavaThread "Java indexing" daemon [_thread_blocked, id=106, stack(0x00007f1c3ff00000,0x00007f1c40000000)]
  0x00007f1c2867d4d0 JavaThread "Bundle File Closer" daemon [_thread_blocked, id=107, stack(0x00007f1c3fd00000,0x00007f1c3fe00000)]
  0x00007f1c1800f250 JavaThread "Worker-3: Java indexing... " [_thread_blocked, id=114, stack(0x00007f1c3fb00000,0x00007f1c3fc00000)]
  0x00007f1c94363af0 JavaThread "pool-3-thread-1" [_thread_blocked, id=115, stack(0x00007f1c3f900000,0x00007f1c3fa00000)]
  0x00007f1c943f80b0 JavaThread "pool-2-thread-1" [_thread_blocked, id=122, stack(0x00007f1c40900000,0x00007f1c40a00000)]
  0x00007f1c04000ff0 JavaThread "Worker-4" [_thread_blocked, id=129, stack(0x00007f1c3f700000,0x00007f1c3f800000)]
  0x00007f1c202ef770 JavaThread "Thread-2" [_thread_blocked, id=162, stack(0x00007f1c3f300000,0x00007f1c3f400000)]
  0x00007f1c201fa570 JavaThread "Thread-4" [_thread_blocked, id=332, stack(0x00007f1c40300000,0x00007f1c40400000)]
  0x00007f1c182f1070 JavaThread "Worker-5: Publish Diagnostics" [_thread_blocked, id=339, stack(0x00007f1c40100000,0x00007f1c40200000)]
  0x00007f1c30001f40 JavaThread "Active Thread: Equinox Container: f4a96ccf-4a01-48e9-9516-c2cb27877ecc" [_thread_blocked, id=1856, stack(0x00007f1c3f500000,0x00007f1c3f600000)]

Other Threads:
  0x00007f1c940a1690 VMThread "VM Thread" [stack: 0x00007f1c7a1e2000,0x00007f1c7a2e2000] [id=58] _threads_hazard_ptr=0x00007f1c30002900
  0x00007f1c941218d0 WatcherThread [stack: 0x00007f1c7891a000,0x00007f1c78a1a000] [id=69]
  0x00007f1c9403d8b0 GCTaskThread "GC Thread#0" [stack: 0x00007f1c98894000,0x00007f1c98994000] [id=57]

Threads with active compile tasks:
JVMCI-native CompilerThread0   687564 5911       4       org.eclipse.jdt.internal.compiler.env.ITypeAnnotationWalker$1::getAnnotationsAtCursor (4 bytes)

VM state: synchronizing (normal execution)

VM Mutex/Monitor currently owned by a thread:  ([mutex/lock_event])
[0x00007f1c94023100] Threads_lock - owner thread: 0x00007f1c940a1690
[0x00007f1c940238b0] Heap_lock - owner thread: 0x00007f1c1800f250

OutOfMemory and StackOverflow Exception counts:
OutOfMemoryError java_heap_errors=2
LinkageErrors=46

Heap address: 0x00000000e0000000, size: 512 MB, Compressed Oops mode: 32-bit

CDS archive(s) mapped at: [0x0000000800000000-0x0000000800bc8000-0x0000000800bc8000), size 12353536, SharedBaseAddress: 0x0000000800000000, ArchiveRelocationMode: 0.
Compressed class space mapped at: 0x0000000800c00000-0x0000000840c00000, reserved size: 1073741824
Narrow klass base: 0x0000000800000000, Narrow klass shift: 0, Narrow klass range: 0x100000000

GC Precious Log:
 CPUs: 8 total, 1 available
 Memory: 1024M
 Large Page Support: Disabled
 NUMA Support: Disabled
 Compressed Oops: Enabled (32-bit)
 Alignments: Space 512K, Generation 512K, Heap 2M
 Heap Min Capacity: 100M
 Heap Initial Capacity: 100M
 Heap Max Capacity: 512M
 Pre-touch: Disabled
 Parallel Workers: 1

Heap:
 PSYoungGen      total 49664K, used 31744K [0x00000000f5580000, 0x00000000f9900000, 0x0000000100000000)
  eden space 31744K, 100% used [0x00000000f5580000,0x00000000f7480000,0x00000000f7480000)
  from space 17920K, 0% used [0x00000000f7480000,0x00000000f7480000,0x00000000f8600000)
  to   space 12800K, 0% used [0x00000000f8600000,0x00000000f8600000,0x00000000f9280000)
 ParOldGen       total 349696K, used 349695K [0x00000000e0000000, 0x00000000f5580000, 0x00000000f5580000)
  object space 349696K, 99% used [0x00000000e0000000,0x00000000f557fff0,0x00000000f5580000)
 Metaspace       used 46209K, committed 46912K, reserved 1097728K
  class space    used 4599K, committed 4928K, reserved 1048576K

Card table byte_map: [0x00007f1c98994000,0x00007f1c98a95000] _byte_map_base: 0x00007f1c98294000

Marking Bits: (ParMarkBitMap*) 0x00007f1c9a0e44c0
 Begin Bits: [0x00007f1c7a4b3000, 0x00007f1c7acb3000)
 End Bits:   [0x00007f1c7acb3000, 0x00007f1c7b4b3000)

Polling page: 0x00007f1c98cae000

Metaspace:

Usage:
  Non-class:     40.64 MB used.
      Class:      4.49 MB used.
       Both:     45.13 MB used.

Virtual space:
  Non-class space:       48.00 MB reserved,      41.00 MB ( 85%) committed,  6 nodes.
      Class space:        1.00 GB reserved,       4.81 MB ( <1%) committed,  1 nodes.
             Both:        1.05 GB reserved,      45.81 MB (  4%) committed. 

Chunk freelists:
   Non-Class:  3.04 MB
       Class:  3.24 MB
        Both:  6.28 MB

MaxMetaspaceSize: unlimited
CompressedClassSpaceSize: 1.00 GB
Initial GC threshold: 21.00 MB
Current GC threshold: 76.25 MB
CDS: on
MetaspaceReclaimPolicy: balanced
 - commit_granule_bytes: 65536.
 - commit_granule_words: 8192.
 - virtual_space_node_default_size: 1048576.
 - enlarge_chunks_in_place: 1.
 - new_chunks_are_fully_committed: 0.
 - uncommit_free_chunks: 1.
 - use_allocation_guard: 0.
 - handle_deallocations: 1.


Internal statistics:

num_allocs_failed_limit: 6.
num_arena_births: 316.
num_arena_deaths: 56.
num_vsnodes_births: 7.
num_vsnodes_deaths: 0.
num_space_committed: 732.
num_space_uncommitted: 0.
num_chunks_returned_to_freelist: 74.
num_chunks_taken_from_freelist: 2184.
num_chunk_merges: 30.
num_chunk_splits: 1443.
num_chunks_enlarged: 942.
num_purges: 2.
num_inconsistent_stats: 0.

CodeHeap 'non-profiled nmethods': size=120036Kb used=2290Kb max_used=2290Kb free=117745Kb
 bounds [0x00007f1c82f7a000, 0x00007f1c831ea000, 0x00007f1c8a4b3000]
CodeHeap 'profiled nmethods': size=120032Kb used=10955Kb max_used=11261Kb free=109076Kb
 bounds [0x00007f1c7ba42000, 0x00007f1c7c542000, 0x00007f1c82f7a000]
CodeHeap 'non-nmethods': size=5692Kb used=1339Kb max_used=1351Kb free=4352Kb
 bounds [0x00007f1c7b4b3000, 0x00007f1c7b723000, 0x00007f1c7ba42000]
 total_blobs=5381 nmethods=4707 adapters=568
 compilation: enabled
              stopped_count=0, restarted_count=0
 full_count=0

JVMCI Events (20 events):
Event: 307.071 Thread 0x00007f1c940b1c80 releasing handles for JVMCI runtime 0: oop handles=43, metadata handles={total=93, live=82, blocks=37}
Event: 307.071 Thread 0x00007f1c940b1c80 detached from JVMCI runtime 0
Event: 330.392 Thread 0x00007f1c940b1c80 attached to JVMCI runtime 0
Event: 330.395 Thread 0x00007f1c940b1c80 created JavaVM[6]@0x00007f1c3eb9e340 for JVMCI runtime 0
Event: 332.569 Thread 0x00007f1c940b1c80 initializing JVMCI runtime 0
Event: 332.569 Thread 0x00007f1c940b1c80 done waiting for JavaVM references initialization in JVMCI runtime 0
Event: 351.196 Thread 0x00007f1c940b1c80 initialized JVMCI runtime 0
Event: 465.678 Thread 0x00007f1c940b1c80 compacted oop handles in JVMCI runtime 0 from 93 to 78
Event: 476.087 Thread 0x00007f1c940b1c80 compacted oop handles in JVMCI runtime 0 from 84 to 83
Event: 494.663 Thread 0x00007f1c940b1c80 detaching from JVMCI runtime 0: releasing idle compiler thread (0 other threads still attached)
Event: 494.663 Thread 0x00007f1c940b1c80 shutting down HotSpotJVMCIRuntime for JVMCI runtime 0
Event: 494.663 Thread 0x00007f1c940b1c80 shut down JVMCI runtime 0
Event: 494.671 Thread 0x00007f1c940b1c80 destroyed JavaVM[6]@0x00007f1c3eb9e340 for JVMCI runtime 0
Event: 494.671 Thread 0x00007f1c940b1c80 compacted oop handles in JVMCI runtime 0 from 104 to 104
Event: 494.671 Thread 0x00007f1c940b1c80 releasing handles for JVMCI runtime 0: oop handles=104, metadata handles={total=192, live=185, blocks=37}
Event: 494.671 Thread 0x00007f1c940b1c80 detached from JVMCI runtime 0
Event: 646.998 Thread 0x00007f1c940b1c80 attached to JVMCI runtime 0
Event: 647.001 Thread 0x00007f1c940b1c80 created JavaVM[7]@0x00007f1c3eb9e340 for JVMCI runtime 0
Event: 647.001 Thread 0x00007f1c940b1c80 initializing JVMCI runtime 0
Event: 647.001 Thread 0x00007f1c940b1c80 done waiting for JavaVM references initialization in JVMCI runtime 0

Compilation events (20 events):
Event: 330.392 Thread 0x00007f1c940b1c80 5902       4       org.eclipse.jdt.internal.core.JavaModelCache::getInfo (135 bytes)
Event: 332.569 Thread 0x00007f1c940b3190 nmethod 5901 0x00007f1c7c298e90 code [0x00007f1c7c2993c0, 0x00007f1c7c29d900]
Event: 393.463 Thread 0x00007f1c940b3190 5905       3       org.eclipse.core.internal.resources.Resource::checkExists (38 bytes)
Event: 393.465 Thread 0x00007f1c940b3190 nmethod 5905 0x00007f1c7c183c10 code [0x00007f1c7c183e20, 0x00007f1c7c184a10]
Event: 445.992 Thread 0x00007f1c940b3190 5906       3       java.util.concurrent.ThreadPoolExecutor::runStateAtLeast (11 bytes)
Event: 447.969 Thread 0x00007f1c940b3190 nmethod 5906 0x00007f1c7c056190 code [0x00007f1c7c056320, 0x00007f1c7c056470]
Event: 461.499 Thread 0x00007f1c940b3190 5907   !   3       org.eclipse.jdt.ls.core.internal.CancellableProgressMonitor::isCanceled (33 bytes)
Event: 461.500 Thread 0x00007f1c940b3190 nmethod 5907 0x00007f1c7c4eb590 code [0x00007f1c7c4eb7a0, 0x00007f1c7c4ec560]
Event: 465.678 Thread 0x00007f1c940b1c80 nmethod 5902 0x00007f1c831b2c10 code [0x00007f1c831b2ec0, 0x00007f1c831b4aa0]
Event: 465.678 Thread 0x00007f1c940b1c80 5904       4       java.lang.StringLatin1::trim (76 bytes)
Event: 476.087 Thread 0x00007f1c940b1c80 nmethod 5904 0x00007f1c831b5610 code [0x00007f1c831b57a0, 0x00007f1c831b5b48]
Event: 476.087 Thread 0x00007f1c940b1c80 5903  s    4       org.eclipse.jdt.internal.core.JavaModelManager::getInfo (36 bytes)
Event: 492.420 Thread 0x00007f1c940b1c80 nmethod 5903 0x00007f1c831b5d90 code [0x00007f1c831b5fe0, 0x00007f1c831b65c0]
Event: 506.980 Thread 0x00007f1c940b3190 5908       3       org.eclipse.jdt.internal.compiler.lookup.TypeSystem::getArrayType (7 bytes)
Event: 510.974 Thread 0x00007f1c940b3190 nmethod 5908 0x00007f1c7c057010 code [0x00007f1c7c0571c0, 0x00007f1c7c0574e0]
Event: 641.207 Thread 0x00007f1c940b3190 5909       3       java.util.concurrent.TimeUnit::convert (77 bytes)
Event: 643.097 Thread 0x00007f1c940b3190 nmethod 5909 0x00007f1c7c4eae10 code [0x00007f1c7c4eb020, 0x00007f1c7c4eb3e0]
Event: 646.997 Thread 0x00007f1c940b3190 5910       3       org.eclipse.jdt.internal.compiler.lookup.TypeSystem::getArrayType (256 bytes)
Event: 646.998 Thread 0x00007f1c940b1c80 5911       4       org.eclipse.jdt.internal.compiler.env.ITypeAnnotationWalker$1::getAnnotationsAtCursor (4 bytes)
Event: 648.875 Thread 0x00007f1c940b3190 nmethod 5910 0x00007f1c7baeab90 code [0x00007f1c7baeae60, 0x00007f1c7baed1f0]

GC Heap History (20 events):
Event: 667.165 GC heap before
{Heap before GC invocations=377 (full 292):
 PSYoungGen      total 49664K, used 31744K [0x00000000f5580000, 0x00000000f9900000, 0x0000000100000000)
  eden space 31744K, 100% used [0x00000000f5580000,0x00000000f7480000,0x00000000f7480000)
  from space 17920K, 0% used [0x00000000f7480000,0x00000000f7480000,0x00000000f8600000)
  to   space 12800K, 0% used [0x00000000f8600000,0x00000000f8600000,0x00000000f9280000)
 ParOldGen       total 349696K, used 349695K [0x00000000e0000000, 0x00000000f5580000, 0x00000000f5580000)
  object space 349696K, 99% used [0x00000000e0000000,0x00000000f557fff8,0x00000000f5580000)
 Metaspace       used 46209K, committed 46912K, reserved 1097728K
  class space    used 4599K, committed 4928K, reserved 1048576K
}
Event: 668.997 GC heap after
{Heap after GC invocations=377 (full 292):
 PSYoungGen      total 44544K, used 31743K [0x00000000f5580000, 0x00000000f9900000, 0x0000000100000000)
  eden space 31744K, 99% used [0x00000000f5580000,0x00000000f747ffc8,0x00000000f7480000)
  from space 12800K, 0% used [0x00000000f8600000,0x00000000f8600000,0x00000000f9280000)
  to   space 17920K, 0% used [0x00000000f7480000,0x00000000f7480000,0x00000000f8600000)
 ParOldGen       total 349696K, used 349695K [0x00000000e0000000, 0x00000000f5580000, 0x00000000f5580000)
  object space 349696K, 99% used [0x00000000e0000000,0x00000000f557ff80,0x00000000f5580000)
 Metaspace       used 46209K, committed 46912K, reserved 1097728K
  class space    used 4599K, committed 4928K, reserved 1048576K
}
Event: 668.997 GC heap before
{Heap before GC invocations=378 (full 293):
 PSYoungGen      total 44544K, used 31744K [0x00000000f5580000, 0x00000000f9900000, 0x0000000100000000)
  eden space 31744K, 100% used [0x00000000f5580000,0x00000000f7480000,0x00000000f7480000)
  from space 12800K, 0% used [0x00000000f8600000,0x00000000f8600000,0x00000000f9280000)
  to   space 17920K, 0% used [0x00000000f7480000,0x00000000f7480000,0x00000000f8600000)
 ParOldGen       total 349696K, used 349695K [0x00000000e0000000, 0x00000000f5580000, 0x00000000f5580000)
  object space 349696K, 99% used [0x00000000e0000000,0x00000000f557ff80,0x00000000f5580000)
 Metaspace       used 46209K, committed 46912K, reserved 1097728K
  class space    used 4599K, committed 4928K, reserved 1048576K
}
Event: 670.770 GC heap after
{Heap after GC invocations=378 (full 293):
 PSYoungGen      total 49664K, used 31744K [0x00000000f5580000, 0x00000000f9900000, 0x0000000100000000)
  eden space 31744K, 100% used [0x00000000f5580000,0x00000000f7480000,0x00000000f7480000)
  from space 17920K, 0% used [0x00000000f7480000,0x00000000f7480000,0x00000000f8600000)
  to   space 12800K, 0% used [0x00000000f8600000,0x00000000f8600000,0x00000000f9280000)
 ParOldGen       total 349696K, used 349695K [0x00000000e0000000, 0x00000000f5580000, 0x00000000f5580000)
  object space 349696K, 99% used [0x00000000e0000000,0x00000000f557ff80,0x00000000f5580000)
 Metaspace       used 46209K, committed 46912K, reserved 1097728K
  class space    used 4599K, committed 4928K, reserved 1048576K
}
Event: 670.770 GC heap before
{Heap before GC invocations=379 (full 294):
 PSYoungGen      total 49664K, used 31744K [0x00000000f5580000, 0x00000000f9900000, 0x0000000100000000)
  eden space 31744K, 100% used [0x00000000f5580000,0x00000000f7480000,0x00000000f7480000)
  from space 17920K, 0% used [0x00000000f7480000,0x00000000f7480000,0x00000000f8600000)
  to   space 12800K, 0% used [0x00000000f8600000,0x00000000f8600000,0x00000000f9280000)
 ParOldGen       total 349696K, used 349695K [0x00000000e0000000, 0x00000000f5580000, 0x00000000f5580000)
  object space 349696K, 99% used [0x00000000e0000000,0x00000000f557fff8,0x00000000f5580000)
 Metaspace       used 46209K, committed 46912K, reserved 1097728K
  class space    used 4599K, committed 4928K, reserved 1048576K
}
Event: 672.572 GC heap after
{Heap after GC invocations=379 (full 294):
 PSYoungGen      total 44544K, used 31744K [0x00000000f5580000, 0x00000000f9900000, 0x0000000100000000)
  eden space 31744K, 100% used [0x00000000f5580000,0x00000000f7480000,0x00000000f7480000)
  from space 12800K, 0% used [0x00000000f8600000,0x00000000f8600000,0x00000000f9280000)
  to   space 17920K, 0% used [0x00000000f7480000,0x00000000f7480000,0x00000000f8600000)
 ParOldGen       total 349696K, used 349695K [0x00000000e0000000, 0x00000000f5580000, 0x00000000f5580000)
  object space 349696K, 99% used [0x00000000e0000000,0x00000000f557ffd8,0x00000000f5580000)
 Metaspace       used 46209K, committed 46912K, reserved 1097728K
  class space    used 4599K, committed 4928K, reserved 1048576K
}
Event: 672.572 GC heap before
{Heap before GC invocations=380 (full 295):
 PSYoungGen      total 44544K, used 31744K [0x00000000f5580000, 0x00000000f9900000, 0x0000000100000000)
  eden space 31744K, 100% used [0x00000000f5580000,0x00000000f7480000,0x00000000f7480000)
  from space 12800K, 0% used [0x00000000f8600000,0x00000000f8600000,0x00000000f9280000)
  to   space 17920K, 0% used [0x00000000f7480000,0x00000000f7480000,0x00000000f8600000)
 ParOldGen       total 349696K, used 349695K [0x00000000e0000000, 0x00000000f5580000, 0x00000000f5580000)
  object space 349696K, 99% used [0x00000000e0000000,0x00000000f557fff8,0x00000000f5580000)
 Metaspace       used 46209K, committed 46912K, reserved 1097728K
  class space    used 4599K, committed 4928K, reserved 1048576K
}
Event: 674.715 GC heap after
{Heap after GC invocations=380 (full 295):
 PSYoungGen      total 49664K, used 31744K [0x00000000f5580000, 0x00000000f9900000, 0x0000000100000000)
  eden space 31744K, 100% used [0x00000000f5580000,0x00000000f7480000,0x00000000f7480000)
  from space 17920K, 0% used [0x00000000f7480000,0x00000000f7480000,0x00000000f8600000)
  to   space 12800K, 0% used [0x00000000f8600000,0x00000000f8600000,0x00000000f9280000)
 ParOldGen       total 349696K, used 349695K [0x00000000e0000000, 0x00000000f5580000, 0x00000000f5580000)
  object space 349696K, 99% used [0x00000000e0000000,0x00000000f557fff8,0x00000000f5580000)
 Metaspace       used 46209K, committed 46912K, reserved 1097728K
  class space    used 4599K, committed 4928K, reserved 1048576K
}
Event: 674.715 GC heap before
{Heap before GC invocations=381 (full 296):
 PSYoungGen      total 49664K, used 31744K [0x00000000f5580000, 0x00000000f9900000, 0x0000000100000000)
  eden space 31744K, 100% used [0x00000000f5580000,0x00000000f7480000,0x00000000f7480000)
  from space 17920K, 0% used [0x00000000f7480000,0x00000000f7480000,0x00000000f8600000)
  to   space 12800K, 0% used [0x00000000f8600000,0x00000000f8600000,0x00000000f9280000)
 ParOldGen       total 349696K, used 349695K [0x00000000e0000000, 0x00000000f5580000, 0x00000000f5580000)
  object space 349696K, 99% used [0x00000000e0000000,0x00000000f557fff8,0x00000000f5580000)
 Metaspace       used 46209K, committed 46912K, reserved 1097728K
  class space    used 4599K, committed 4928K, reserved 1048576K
}
Event: 676.774 GC heap after
{Heap after GC invocations=381 (full 296):
 PSYoungGen      total 44544K, used 31744K [0x00000000f5580000, 0x00000000f9900000, 0x0000000100000000)
  eden space 31744K, 100% used [0x00000000f5580000,0x00000000f7480000,0x00000000f7480000)
  from space 12800K, 0% used [0x00000000f8600000,0x00000000f8600000,0x00000000f9280000)
  to   space 17920K, 0% used [0x00000000f7480000,0x00000000f7480000,0x00000000f8600000)
 ParOldGen       total 349696K, used 349695K [0x00000000e0000000, 0x00000000f5580000, 0x00000000f5580000)
  object space 349696K, 99% used [0x00000000e0000000,0x00000000f557fff8,0x00000000f5580000)
 Metaspace       used 46209K, committed 46912K, reserved 1097728K
  class space    used 4599K, committed 4928K, reserved 1048576K
}
Event: 676.774 GC heap before
{Heap before GC invocations=382 (full 297):
 PSYoungGen      total 44544K, used 31744K [0x00000000f5580000, 0x00000000f9900000, 0x0000000100000000)
  eden space 31744K, 100% used [0x00000000f5580000,0x00000000f7480000,0x00000000f7480000)
  from space 12800K, 0% used [0x00000000f8600000,0x00000000f8600000,0x00000000f9280000)
  to   space 17920K, 0% used [0x00000000f7480000,0x00000000f7480000,0x00000000f8600000)
 ParOldGen       total 349696K, used 349695K [0x00000000e0000000, 0x00000000f5580000, 0x00000000f5580000)
  object space 349696K, 99% used [0x00000000e0000000,0x00000000f557fff8,0x00000000f5580000)
 Metaspace       used 46209K, committed 46912K, reserved 1097728K
  class space    used 4599K, committed 4928K, reserved 1048576K
}
Event: 678.888 GC heap after
{Heap after GC invocations=382 (full 297):
 PSYoungGen      total 49664K, used 31744K [0x00000000f5580000, 0x00000000f9900000, 0x0000000100000000)
  eden space 31744K, 100% used [0x00000000f5580000,0x00000000f7480000,0x00000000f7480000)
  from space 17920K, 0% used [0x00000000f7480000,0x00000000f7480000,0x00000000f8600000)
  to   space 12800K, 0% used [0x00000000f8600000,0x00000000f8600000,0x00000000f9280000)
 ParOldGen       total 349696K, used 349694K [0x00000000e0000000, 0x00000000f5580000, 0x00000000f5580000)
  object space 349696K, 99% used [0x00000000e0000000,0x00000000f557fa18,0x00000000f5580000)
 Metaspace       used 46209K, committed 46912K, reserved 1097728K
  class space    used 4599K, committed 4928K, reserved 1048576K
}
Event: 678.890 GC heap before
{Heap before GC invocations=383 (full 298):
 PSYoungGen      total 49664K, used 31744K [0x00000000f5580000, 0x00000000f9900000, 0x0000000100000000)
  eden space 31744K, 100% used [0x00000000f5580000,0x00000000f7480000,0x00000000f7480000)
  from space 17920K, 0% used [0x00000000f7480000,0x00000000f7480000,0x00000000f8600000)
  to   space 12800K, 0% used [0x00000000f8600000,0x00000000f8600000,0x00000000f9280000)
 ParOldGen       total 349696K, used 349696K [0x00000000e0000000, 0x00000000f5580000, 0x00000000f5580000)
  object space 349696K, 100% used [0x00000000e0000000,0x00000000f5580000,0x00000000f5580000)
 Metaspace       used 46209K, committed 46912K, reserved 1097728K
  class space    used 4599K, committed 4928K, reserved 1048576K
}
Event: 681.107 GC heap after
{Heap after GC invocations=383 (full 298):
 PSYoungGen      total 44544K, used 31744K [0x00000000f5580000, 0x00000000f9900000, 0x0000000100000000)
  eden space 31744K, 100% used [0x00000000f5580000,0x00000000f7480000,0x00000000f7480000)
  from space 12800K, 0% used [0x00000000f8600000,0x00000000f8600000,0x00000000f9280000)
  to   space 17920K, 0% used [0x00000000f7480000,0x00000000f7480000,0x00000000f8600000)
 ParOldGen       total 349696K, used 349695K [0x00000000e0000000, 0x00000000f5580000, 0x00000000f5580000)
  object space 349696K, 99% used [0x00000000e0000000,0x00000000f557fc98,0x00000000f5580000)
 Metaspace       used 46209K, committed 46912K, reserved 1097728K
  class space    used 4599K, committed 4928K, reserved 1048576K
}
Event: 681.112 GC heap before
{Heap before GC invocations=384 (full 299):
 PSYoungGen      total 44544K, used 31744K [0x00000000f5580000, 0x00000000f9900000, 0x0000000100000000)
  eden space 31744K, 100% used [0x00000000f5580000,0x00000000f7480000,0x00000000f7480000)
  from space 12800K, 0% used [0x00000000f8600000,0x00000000f8600000,0x00000000f9280000)
  to   space 17920K, 0% used [0x00000000f7480000,0x00000000f7480000,0x00000000f8600000)
 ParOldGen       total 349696K, used 349695K [0x00000000e0000000, 0x00000000f5580000, 0x00000000f5580000)
  object space 349696K, 99% used [0x00000000e0000000,0x00000000f557fd68,0x00000000f5580000)
 Metaspace       used 46209K, committed 46912K, reserved 1097728K
  class space    used 4599K, committed 4928K, reserved 1048576K
}
Event: 683.262 GC heap after
{Heap after GC invocations=384 (full 299):
 PSYoungGen      total 49664K, used 31744K [0x00000000f5580000, 0x00000000f9900000, 0x0000000100000000)
  eden space 31744K, 100% used [0x00000000f5580000,0x00000000f7480000,0x00000000f7480000)
  from space 17920K, 0% used [0x00000000f7480000,0x00000000f7480000,0x00000000f8600000)
  to   space 12800K, 0% used [0x00000000f8600000,0x00000000f8600000,0x00000000f9280000)
 ParOldGen       total 349696K, used 349695K [0x00000000e0000000, 0x00000000f5580000, 0x00000000f5580000)
  object space 349696K, 99% used [0x00000000e0000000,0x00000000f557fc98,0x00000000f5580000)
 Metaspace       used 46209K, committed 46912K, reserved 1097728K
  class space    used 4599K, committed 4928K, reserved 1048576K
}
Event: 683.264 GC heap before
{Heap before GC invocations=385 (full 300):
 PSYoungGen      total 49664K, used 31744K [0x00000000f5580000, 0x00000000f9900000, 0x0000000100000000)
  eden space 31744K, 100% used [0x00000000f5580000,0x00000000f7480000,0x00000000f7480000)
  from space 17920K, 0% used [0x00000000f7480000,0x00000000f7480000,0x00000000f8600000)
  to   space 12800K, 0% used [0x00000000f8600000,0x00000000f8600000,0x00000000f9280000)
 ParOldGen       total 349696K, used 349695K [0x00000000e0000000, 0x00000000f5580000, 0x00000000f5580000)
  object space 349696K, 99% used [0x00000000e0000000,0x00000000f557fdc0,0x00000000f5580000)
 Metaspace       used 46209K, committed 46912K, reserved 1097728K
  class space    used 4599K, committed 4928K, reserved 1048576K
}
Event: 685.388 GC heap after
{Heap after GC invocations=385 (full 300):
 PSYoungGen      total 44544K, used 31744K [0x00000000f5580000, 0x00000000f9900000, 0x0000000100000000)
  eden space 31744K, 100% used [0x00000000f5580000,0x00000000f7480000,0x00000000f7480000)
  from space 12800K, 0% used [0x00000000f8600000,0x00000000f8600000,0x00000000f9280000)
  to   space 17920K, 0% used [0x00000000f7480000,0x00000000f7480000,0x00000000f8600000)
 ParOldGen       total 349696K, used 349695K [0x00000000e0000000, 0x00000000f5580000, 0x00000000f5580000)
  object space 349696K, 99% used [0x00000000e0000000,0x00000000f557fcb0,0x00000000f5580000)
 Metaspace       used 46209K, committed 46912K, reserved 1097728K
  class space    used 4599K, committed 4928K, reserved 1048576K
}
Event: 685.388 GC heap before
{Heap before GC invocations=386 (full 301):
 PSYoungGen      total 44544K, used 31744K [0x00000000f5580000, 0x00000000f9900000, 0x0000000100000000)
  eden space 31744K, 100% used [0x00000000f5580000,0x00000000f7480000,0x00000000f7480000)
  from space 12800K, 0% used [0x00000000f8600000,0x00000000f8600000,0x00000000f9280000)
  to   space 17920K, 0% used [0x00000000f7480000,0x00000000f7480000,0x00000000f8600000)
 ParOldGen       total 349696K, used 349695K [0x00000000e0000000, 0x00000000f5580000, 0x00000000f5580000)
  object space 349696K, 99% used [0x00000000e0000000,0x00000000f557fcb0,0x00000000f5580000)
 Metaspace       used 46209K, committed 46912K, reserved 1097728K
  class space    used 4599K, committed 4928K, reserved 1048576K
}
Event: 687.398 GC heap after
{Heap after GC invocations=386 (full 301):
 PSYoungGen      total 49664K, used 31744K [0x00000000f5580000, 0x00000000f9900000, 0x0000000100000000)
  eden space 31744K, 100% used [0x00000000f5580000,0x00000000f7480000,0x00000000f7480000)
  from space 17920K, 0% used [0x00000000f7480000,0x00000000f7480000,0x00000000f8600000)
  to   space 12800K, 0% used [0x00000000f8600000,0x00000000f8600000,0x00000000f9280000)
 ParOldGen       total 349696K, used 349695K [0x00000000e0000000, 0x00000000f5580000, 0x00000000f5580000)
  object space 349696K, 99% used [0x00000000e0000000,0x00000000f557fcb0,0x00000000f5580000)
 Metaspace       used 46209K, committed 46912K, reserved 1097728K
  class space    used 4599K, committed 4928K, reserved 1048576K
}

Dll operation events (8 events):
Event: 0.072 Loaded shared library /nix/store/gpxl5qgg8kicmcvivwmybwjlpf7wh20l-graalvm17-ce-22.3.0/lib/libjava.so
Event: 0.085 Loaded shared library /nix/store/gpxl5qgg8kicmcvivwmybwjlpf7wh20l-graalvm17-ce-22.3.0/lib/libjsvml.so
Event: 0.367 Loaded shared library /nix/store/gpxl5qgg8kicmcvivwmybwjlpf7wh20l-graalvm17-ce-22.3.0/lib/libnio.so
Event: 0.376 Loaded shared library /nix/store/gpxl5qgg8kicmcvivwmybwjlpf7wh20l-graalvm17-ce-22.3.0/lib/libzip.so
Event: 0.381 Loaded shared library /nix/store/gpxl5qgg8kicmcvivwmybwjlpf7wh20l-graalvm17-ce-22.3.0/lib/libjvmcicompiler.so
Event: 0.872 Loaded shared library /nix/store/gpxl5qgg8kicmcvivwmybwjlpf7wh20l-graalvm17-ce-22.3.0/lib/libjimage.so
Event: 3.079 Loaded shared library /nix/store/gpxl5qgg8kicmcvivwmybwjlpf7wh20l-graalvm17-ce-22.3.0/lib/libnet.so
Event: 5.264 Loaded shared library /home/runner/CardGame/.cache/jdt-language-server/config/org.eclipse.equinox.launcher/org.eclipse.equinox.launcher.gtk.linux.x86_64_1.2.400.v20211117-0650/eclipse_11600.so

Deoptimization events (20 events):
Event: 112.687 Thread 0x00007f1c943f80b0 Uncommon trap: trap_request=0xffffffed fr.pc=0x00007f1c830fffd9 relative=0x00000000000002b9
Event: 112.687 Thread 0x00007f1c943f80b0 Uncommon trap: reason=null_assert_or_unreached0 action=reinterpret pc=0x00007f1c830fffd9 method=org.eclipse.jdt.internal.compiler.classfmt.FieldInfo.getTypeName()[C @ 0 jvmci
Event: 112.687 Thread 0x00007f1c943f80b0 DEOPT PACKING pc=0x00007f1c830fffd9 sp=0x00007f1c409fc480
Event: 112.687 Thread 0x00007f1c943f80b0 DEOPT UNPACKING pc=0x00007f1c7b505325 sp=0x00007f1c409fb920 mode 3
Event: 112.687 Thread 0x00007f1c943f80b0 Uncommon trap: trap_request=0xffffffed fr.pc=0x00007f1c830f6859 relative=0x00000000000002b9
Event: 112.687 Thread 0x00007f1c943f80b0 Uncommon trap: reason=null_assert_or_unreached0 action=reinterpret pc=0x00007f1c830f6859 method=org.eclipse.jdt.internal.compiler.classfmt.FieldInfo.getName()[C @ 0 jvmci
Event: 112.687 Thread 0x00007f1c943f80b0 DEOPT PACKING pc=0x00007f1c830f6859 sp=0x00007f1c409fc480
Event: 112.687 Thread 0x00007f1c943f80b0 DEOPT UNPACKING pc=0x00007f1c7b505325 sp=0x00007f1c409fb920 mode 3
Event: 112.864 Thread 0x00007f1c943f80b0 Uncommon trap: trap_request=0xffffffed fr.pc=0x00007f1c83122f5e relative=0x000000000000077e
Event: 112.864 Thread 0x00007f1c943f80b0 Uncommon trap: reason=null_assert_or_unreached0 action=reinterpret pc=0x00007f1c83122f5e method=org.eclipse.core.runtime.Path.toString()Ljava/lang/String; @ 0 jvmci
Event: 112.864 Thread 0x00007f1c943f80b0 DEOPT PACKING pc=0x00007f1c83122f5e sp=0x00007f1c409fc000
Event: 112.864 Thread 0x00007f1c943f80b0 DEOPT UNPACKING pc=0x00007f1c7b505325 sp=0x00007f1c409fb480 mode 3
Event: 115.502 Thread 0x00007f1c943f80b0 Uncommon trap: trap_request=0xffffffcd fr.pc=0x00007f1c8311c46f relative=0x000000000000078f
Event: 115.502 Thread 0x00007f1c943f80b0 Uncommon trap: reason=intrinsic_or_type_checked_inlining action=reinterpret pc=0x00007f1c8311c46f method=org.eclipse.jdt.internal.compiler.util.SimpleLookupTable.get(Ljava/lang/Object;)Ljava/lang/Object; @ 0 jvmci
Event: 115.502 Thread 0x00007f1c943f80b0 DEOPT PACKING pc=0x00007f1c8311c46f sp=0x00007f1c409fce50
Event: 115.502 Thread 0x00007f1c943f80b0 DEOPT UNPACKING pc=0x00007f1c7b505325 sp=0x00007f1c409fc320 mode 3
Event: 115.502 Thread 0x00007f1c943f80b0 Uncommon trap: trap_request=0xffffffcd fr.pc=0x00007f1c830f32c2 relative=0x0000000000000b02
Event: 115.502 Thread 0x00007f1c943f80b0 Uncommon trap: reason=intrinsic_or_type_checked_inlining action=reinterpret pc=0x00007f1c830f32c2 method=org.eclipse.jdt.internal.compiler.util.SimpleLookupTable.put(Ljava/lang/Object;Ljava/lang/Object;)Ljava/lang/Object; @ 0 jvmci
Event: 115.502 Thread 0x00007f1c943f80b0 DEOPT PACKING pc=0x00007f1c830f32c2 sp=0x00007f1c409fcc40
Event: 115.502 Thread 0x00007f1c943f80b0 DEOPT UNPACKING pc=0x00007f1c7b505325 sp=0x00007f1c409fc130 mode 3

Classes unloaded (20 events):
Event: 106.285 Thread 0x00007f1c940a1690 Unloading class 0x0000000800d91400 'java/lang/invoke/LambdaForm$MH+0x0000000800d91400'
Event: 106.285 Thread 0x00007f1c940a1690 Unloading class 0x0000000800d91000 'java/lang/invoke/LambdaForm$MH+0x0000000800d91000'
Event: 106.285 Thread 0x00007f1c940a1690 Unloading class 0x0000000800d90c00 'java/lang/invoke/LambdaForm$MH+0x0000000800d90c00'
Event: 106.285 Thread 0x00007f1c940a1690 Unloading class 0x0000000800d90800 'java/lang/invoke/LambdaForm$MH+0x0000000800d90800'
Event: 106.285 Thread 0x00007f1c940a1690 Unloading class 0x0000000800d90400 'java/lang/invoke/LambdaForm$MH+0x0000000800d90400'
Event: 106.285 Thread 0x00007f1c940a1690 Unloading class 0x0000000800d90000 'java/lang/invoke/LambdaForm$MH+0x0000000800d90000'
Event: 106.285 Thread 0x00007f1c940a1690 Unloading class 0x0000000800cb2800 'java/lang/invoke/LambdaForm$MH+0x0000000800cb2800'
Event: 106.285 Thread 0x00007f1c940a1690 Unloading class 0x0000000800cb2000 'java/lang/invoke/LambdaForm$MH+0x0000000800cb2000'
Event: 106.285 Thread 0x00007f1c940a1690 Unloading class 0x0000000800cb1c00 'java/lang/invoke/LambdaForm$MH+0x0000000800cb1c00'
Event: 106.285 Thread 0x00007f1c940a1690 Unloading class 0x0000000800cb1800 'java/lang/invoke/LambdaForm$MH+0x0000000800cb1800'
Event: 106.285 Thread 0x00007f1c940a1690 Unloading class 0x0000000800cb1000 'java/lang/invoke/LambdaForm$MH+0x0000000800cb1000'
Event: 106.285 Thread 0x00007f1c940a1690 Unloading class 0x0000000800cb0c00 'java/lang/invoke/LambdaForm$MH+0x0000000800cb0c00'
Event: 106.285 Thread 0x00007f1c940a1690 Unloading class 0x0000000800cb0800 'java/lang/invoke/LambdaForm$MH+0x0000000800cb0800'
Event: 106.285 Thread 0x00007f1c940a1690 Unloading class 0x0000000800cb0000 'java/lang/invoke/LambdaForm$MH+0x0000000800cb0000'
Event: 106.285 Thread 0x00007f1c940a1690 Unloading class 0x0000000800c85000 'jdk/internal/reflect/GeneratedMethodAccessor5'
Event: 106.286 Thread 0x00007f1c940a1690 Unloading class 0x0000000800c84c00 'jdk/internal/reflect/GeneratedMethodAccessor4'
Event: 106.286 Thread 0x00007f1c940a1690 Unloading class 0x0000000800c84800 'jdk/internal/reflect/GeneratedMethodAccessor3'
Event: 106.286 Thread 0x00007f1c940a1690 Unloading class 0x0000000800c84400 'jdk/internal/reflect/GeneratedMethodAccessor2'
Event: 106.286 Thread 0x00007f1c940a1690 Unloading class 0x0000000800c84000 'jdk/internal/reflect/GeneratedMethodAccessor1'
Event: 106.286 Thread 0x00007f1c940a1690 Unloading class 0x0000000800c01c00 'java/lang/invoke/LambdaForm$DMH+0x0000000800c01c00'

Classes redefined (0 events):
No events

Internal exceptions (20 events):
Event: 23.888 Thread 0x00007f1c940b1c80 Exception <a 'java/lang/IllegalAccessError'{0x00000000f5769928}: class java.util.jar.JarEntry tried to access method 'void java.util.zip.ZipEntry.setExtra0(byte[], boolean, boolean)' (java.util.jar.JarEntry and java.util.zip.ZipEntry are in module java.base of loader 'bootstrap')> (0x00000000f5769928) 
thrown [src/hotspot/share/interpreter/linkResolver.cpp, line 586]
Event: 25.475 Thread 0x00007f1c943f80b0 Exception <a 'java/lang/NoSuchMethodError'{0x00000000f5d00690}: 'int java.lang.invoke.DirectMethodHandle$Holder.invokeSpecial(java.lang.Object, java.lang.Object, java.lang.Object)'> (0x00000000f5d00690) 
thrown [src/hotspot/share/interpreter/linkResolver.cpp, line 758]
Event: 25.575 Thread 0x00007f1c943f80b0 Exception <a 'java/lang/NoSuchMethodError'{0x00000000f5d44b40}: 'int java.lang.invoke.DirectMethodHandle$Holder.invokeStatic(java.lang.Object, java.lang.Object, java.lang.Object, int)'> (0x00000000f5d44b40) 
thrown [src/hotspot/share/interpreter/linkResolver.cpp, line 758]
Event: 25.668 Thread 0x00007f1c943f80b0 Exception <a 'java/lang/NoSuchMethodError'{0x00000000f5de5488}: 'int java.lang.invoke.DirectMethodHandle$Holder.invokeVirtual(java.lang.Object, java.lang.Object, java.lang.Object)'> (0x00000000f5de5488) 
thrown [src/hotspot/share/interpreter/linkResolver.cpp, line 758]
Event: 25.887 Thread 0x00007f1c943f80b0 Exception <a 'java/io/FileNotFoundException'{0x00000000f5f86708}> (0x00000000f5f86708) 
thrown [src/hotspot/share/prims/jni.cpp, line 516]
Event: 25.967 Thread 0x00007f1c943f80b0 Exception <a 'java/io/FileNotFoundException'{0x00000000f5fae2a8}> (0x00000000f5fae2a8) 
thrown [src/hotspot/share/prims/jni.cpp, line 516]
Event: 28.480 Thread 0x00007f1c1c000ff0 Exception <a 'java/io/FileNotFoundException'{0x00000000f5dc46d0}> (0x00000000f5dc46d0) 
thrown [src/hotspot/share/prims/jni.cpp, line 516]
Event: 28.481 Thread 0x00007f1c1c000ff0 Exception <a 'java/io/FileNotFoundException'{0x00000000f5dc56b0}> (0x00000000f5dc56b0) 
thrown [src/hotspot/share/prims/jni.cpp, line 516]
Event: 28.974 Thread 0x00007f1c202f0670 Exception <a 'java/lang/NoSuchMethodError'{0x00000000f620a870}: 'java.lang.Object java.lang.invoke.DirectMethodHandle$Holder.invokeStatic(java.lang.Object, int, java.lang.Object, java.lang.Object, java.lang.Object, java.lang.Object)'> (0x00000000f620a870) 
thrown [src/hotspot/share/interpreter/linkResolver.cpp, line 758]
Event: 29.600 Thread 0x00007f1c202f0670 Exception <a 'java/lang/NoSuchMethodError'{0x00000000f67af388}: 'void java.lang.invoke.DirectMethodHandle$Holder.invokeSpecial(java.lang.Object, java.lang.Object, int)'> (0x00000000f67af388) 
thrown [src/hotspot/share/interpreter/linkResolver.cpp, line 758]
Event: 30.869 Thread 0x00007f1c202f0670 Exception <a 'java/lang/NoSuchMethodError'{0x00000000f5fcf7e8}: 'int java.lang.invoke.DirectMethodHandle$Holder.invokeSpecialIFC(java.lang.Object, java.lang.Object, java.lang.Object, java.lang.Object)'> (0x00000000f5fcf7e8) 
thrown [src/hotspot/share/interpreter/linkResolver.cpp, line 758]
Event: 31.180 Thread 0x00007f1c28678b60 Implicit null exception at 0x00007f1c8302bdb0 to 0x00007f1c8302be57
Event: 42.765 Thread 0x00007f1c940b1c80 Exception <a 'java/lang/IllegalAccessError'{0x00000000f571d420}: class java.util.jar.JarEntry tried to access method 'void java.util.zip.ZipEntry.setExtra0(byte[], boolean, boolean)' (java.util.jar.JarEntry and java.util.zip.ZipEntry are in module java.base of loader 'bootstrap')> (0x00000000f571d420) 
thrown [src/hotspot/share/interpreter/linkResolver.cpp, line 586]
Event: 42.768 Thread 0x00007f1c940b1c80 Exception <a 'java/lang/IllegalAccessError'{0x00000000f571d7f0}: class java.util.jar.JarEntry tried to access method 'void java.util.zip.ZipEntry.setExtra0(byte[], boolean, boolean)' (java.util.jar.JarEntry and java.util.zip.ZipEntry are in module java.base of loader 'bootstrap')> (0x00000000f571d7f0) 
thrown [src/hotspot/share/interpreter/linkResolver.cpp, line 586]
Event: 58.192 Thread 0x00007f1c28678b60 Implicit null exception at 0x00007f1c8313eaa9 to 0x00007f1c8313ef02
Event: 107.762 Thread 0x00007f1c284ee6a0 Implicit null exception at 0x00007f1c8316b7da to 0x00007f1c8316bb77
Event: 115.504 Thread 0x00007f1c943f80b0 Exception <a 'java/io/FileNotFoundException'{0x00000000f7403618}> (0x00000000f7403618) 
thrown [src/hotspot/share/prims/jni.cpp, line 516]
Event: 115.504 Thread 0x00007f1c943f80b0 Exception <a 'java/io/FileNotFoundException'{0x00000000f74048a0}> (0x00000000f74048a0) 
thrown [src/hotspot/share/prims/jni.cpp, line 516]
Event: 676.774 Thread 0x00007f1c942fc5b0 Exception <a 'java/lang/OutOfMemoryError'{0x00000000e00d0cd8}> (0x00000000e00d0cd8) 
thrown [src/hotspot/share/gc/shared/memAllocator.cpp, line 136]
Event: 687.398 Thread 0x00007f1c940b1c80 Exception <a 'java/lang/OutOfMemoryError'{0x00000000e00d0fa8}> (0x00000000e00d0fa8) 
thrown [src/hotspot/share/gc/shared/memAllocator.cpp, line 136]

VM Operations (20 events):
Event: 665.268 Executing VM operation: ParallelGCFailedAllocation done
Event: 665.268 Executing VM operation: ParallelGCFailedAllocation
Event: 667.165 Executing VM operation: ParallelGCFailedAllocation done
Event: 667.165 Executing VM operation: ParallelGCFailedAllocation
Event: 668.997 Executing VM operation: ParallelGCFailedAllocation done
Event: 668.997 Executing VM operation: ParallelGCFailedAllocation
Event: 670.770 Executing VM operation: ParallelGCFailedAllocation done
Event: 670.770 Executing VM operation: ParallelGCFailedAllocation
Event: 672.572 Executing VM operation: ParallelGCFailedAllocation done
Event: 672.572 Executing VM operation: ParallelGCFailedAllocation
Event: 676.774 Executing VM operation: ParallelGCFailedAllocation done
Event: 676.774 Executing VM operation: ParallelGCFailedAllocation
Event: 678.888 Executing VM operation: ParallelGCFailedAllocation done
Event: 678.889 Executing VM operation: ParallelGCFailedAllocation
Event: 681.107 Executing VM operation: ParallelGCFailedAllocation done
Event: 681.107 Executing VM operation: ParallelGCFailedAllocation
Event: 683.262 Executing VM operation: ParallelGCFailedAllocation done
Event: 683.262 Executing VM operation: ParallelGCFailedAllocation
Event: 687.398 Executing VM operation: ParallelGCFailedAllocation done
Event: 687.399 Executing VM operation: ParallelGCFailedAllocation

Events (20 events):
Event: 30.778 Thread 0x00007f1c940b41f0 flushing nmethod 0x00007f1c7c4e5790
Event: 30.778 Thread 0x00007f1c940b41f0 flushing nmethod 0x00007f1c7c4eae10
Event: 30.778 Thread 0x00007f1c940b41f0 flushing nmethod 0x00007f1c7c4eb490
Event: 30.778 Thread 0x00007f1c940b41f0 flushing nmethod 0x00007f1c7c4ebc10
Event: 30.778 Thread 0x00007f1c940b41f0 flushing nmethod 0x00007f1c7c4f1390
Event: 30.778 Thread 0x00007f1c940b41f0 flushing nmethod 0x00007f1c7c50f110
Event: 30.971 Thread 0x00007f1c202f0670 Thread exited: 0x00007f1c202f0670
Event: 58.001 Thread 0x00007f1c940b41f0 flushing nmethod 0x00007f1c7c28f510
Event: 58.002 Thread 0x00007f1c940b41f0 flushing nmethod 0x00007f1c7c4deb10
Event: 58.002 Thread 0x00007f1c940b41f0 flushing nmethod 0x00007f1c7c4f0b90
Event: 61.683 Thread 0x00007f1c942279a0 Thread exited: 0x00007f1c942279a0
Event: 88.035 Thread 0x00007f1c201fa570 Thread exited: 0x00007f1c201fa570
Event: 90.598 Thread 0x00007f1c1c000ff0 Thread exited: 0x00007f1c1c000ff0
Event: 90.598 Thread 0x00007f1c284ec880 Thread exited: 0x00007f1c284ec880
Event: 95.312 Thread 0x00007f1c201fa570 Thread added: 0x00007f1c201fa570
Event: 95.319 Protecting memory [0x00007f1c40300000,0x00007f1c40304000] with protection modes 0
Event: 97.993 Thread 0x00007f1c182f1070 Thread added: 0x00007f1c182f1070
Event: 97.993 Protecting memory [0x00007f1c40100000,0x00007f1c40104000] with protection modes 0
Event: 678.890 Thread 0x00007f1c30001f40 Thread added: 0x00007f1c30001f40
Event: 678.890 Protecting memory [0x00007f1c3f500000,0x00007f1c3f504000] with protection modes 0


Dynamic libraries:
e0000000-f4d80000 rw-p 00000000 00:00 0 
f4d80000-f9900000 rw-p 00000000 00:00 0 
f9900000-100000000 ---p 00000000 00:00 0 
800000000-800449000 rw-p 00001000 00:4de 707969865                       /nix/store/gpxl5qgg8kicmcvivwmybwjlpf7wh20l-graalvm17-ce-22.3.0/lib/server/classes.jsa
800449000-800bc8000 r--p 0044a000 00:4de 707969865                       /nix/store/gpxl5qgg8kicmcvivwmybwjlpf7wh20l-graalvm17-ce-22.3.0/lib/server/classes.jsa
800bc8000-800c00000 ---p 00000000 00:00 0 
800c00000-800c10000 rw-p 00000000 00:00 0 
800c10000-800c30000 rw-p 00000000 00:00 0 
800c30000-800cb0000 rw-p 00000000 00:00 0 
800cb0000-800cf0000 rw-p 00000000 00:00 0 
800cf0000-800db0000 rw-p 00000000 00:00 0 
800db0000-800df0000 rw-p 00000000 00:00 0 
800df0000-8010d0000 rw-p 00000000 00:00 0 
8010d0000-840c00000 ---p 00000000 00:00 0 
55966d33d000-55966d33e000 r-xp 00000000 00:4de 672029940                 /nix/store/gpxl5qgg8kicmcvivwmybwjlpf7wh20l-graalvm17-ce-22.3.0/bin/.java-wrapped
55966d33f000-55966d340000 r--p 00001000 00:4de 672029940                 /nix/store/gpxl5qgg8kicmcvivwmybwjlpf7wh20l-graalvm17-ce-22.3.0/bin/.java-wrapped
55966d340000-55966d341000 rw-p 00002000 00:4de 672029940                 /nix/store/gpxl5qgg8kicmcvivwmybwjlpf7wh20l-graalvm17-ce-22.3.0/bin/.java-wrapped
55966d341000-55966d342000 rw-p 00004000 00:4de 672029940                 /nix/store/gpxl5qgg8kicmcvivwmybwjlpf7wh20l-graalvm17-ce-22.3.0/bin/.java-wrapped
55966d342000-55966d343000 rw-p 00005000 00:4de 672029940                 /nix/store/gpxl5qgg8kicmcvivwmybwjlpf7wh20l-graalvm17-ce-22.3.0/bin/.java-wrapped
55966f2b4000-55966f2fc000 rw-p 00000000 00:00 0                          [heap]
7f1be4000000-7f1be4024000 rw-p 00000000 00:00 0 
7f1be4024000-7f1be8000000 ---p 00000000 00:00 0 
7f1be8000000-7f1be80eb000 rw-p 00000000 00:00 0 
7f1be80eb000-7f1bec000000 ---p 00000000 00:00 0 
7f1bec000000-7f1bec021000 rw-p 00000000 00:00 0 
7f1bec021000-7f1bf0000000 ---p 00000000 00:00 0 
7f1bf24b3000-7f1bfc000000 r--s 00000000 00:4de 707804677                 /nix/store/gpxl5qgg8kicmcvivwmybwjlpf7wh20l-graalvm17-ce-22.3.0/lib/modules
7f1bfc000000-7f1bfc021000 rw-p 00000000 00:00 0 
7f1bfc021000-7f1c00000000 ---p 00000000 00:00 0 
7f1c00000000-7f1c000b6000 rw-p 00000000 00:00 0 
7f1c000b6000-7f1c04000000 ---p 00000000 00:00 0 
7f1c04000000-7f1c04021000 rw-p 00000000 00:00 0 
7f1c04021000-7f1c08000000 ---p 00000000 00:00 0 
7f1c08000000-7f1c08021000 rw-p 00000000 00:00 0 
7f1c08021000-7f1c0c000000 ---p 00000000 00:00 0 
7f1c0e400000-7f1c0e500000 rw-p 00000000 00:00 0 
7f1c0e500000-7f1c0ec00000 ---p 00000000 00:00 0 
7f1c0ec00000-7f1c0f3f0000 rw-p 00000000 00:00 0 
7f1c0f3f0000-7f1c0f4f0000 rw-p 00000000 00:00 0 
7f1c0f4f0000-7f1c0f5f0000 rw-p 00000000 00:00 0 
7f1c0f5f0000-7f1c0fbf0000 rw-p 00000000 00:00 0 
7f1c0fbf0000-7f1c0fc00000 rw-p 00000000 00:00 0 
7f1c10000000-7f1c10047000 rw-p 00000000 00:00 0 
7f1c10047000-7f1c14000000 ---p 00000000 00:00 0 
7f1c14000000-7f1c1402b000 rw-p 00000000 00:00 0 
7f1c1402b000-7f1c18000000 ---p 00000000 00:00 0 
7f1c18000000-7f1c18325000 rw-p 00000000 00:00 0 
7f1c18325000-7f1c1c000000 ---p 00000000 00:00 0 
7f1c1c000000-7f1c1c033000 rw-p 00000000 00:00 0 
7f1c1c033000-7f1c20000000 ---p 00000000 00:00 0 
7f1c20000000-7f1c202ff000 rw-p 00000000 00:00 0 
7f1c202ff000-7f1c24000000 ---p 00000000 00:00 0 
7f1c24000000-7f1c24021000 rw-p 00000000 00:00 0 
7f1c24021000-7f1c28000000 ---p 00000000 00:00 0 
7f1c28000000-7f1c288ee000 rw-p 00000000 00:00 0 
7f1c288ee000-7f1c2c000000 ---p 00000000 00:00 0 
7f1c2c000000-7f1c2c021000 rw-p 00000000 00:00 0 
7f1c2c021000-7f1c30000000 ---p 00000000 00:00 0 
7f1c30000000-7f1c30021000 rw-p 00000000 00:00 0 
7f1c30021000-7f1c34000000 ---p 00000000 00:00 0 
7f1c34000000-7f1c34021000 rw-p 00000000 00:00 0 
7f1c34021000-7f1c38000000 ---p 00000000 00:00 0 
7f1c38000000-7f1c38021000 rw-p 00000000 00:00 0 
7f1c38021000-7f1c3c000000 ---p 00000000 00:00 0 
7f1c3cc00000-7f1c3ccf0000 rw-p 00000000 00:00 0 
7f1c3ccf0000-7f1c3cdf0000 rw-p 00000000 00:00 0 
7f1c3cdf0000-7f1c3d3f0000 rw-p 00000000 00:00 0 
7f1c3d3f0000-7f1c3d4f0000 rw-p 00000000 00:00 0 
7f1c3d4f0000-7f1c3d5f0000 rw-p 00000000 00:00 0 
7f1c3d5f0000-7f1c3daf0000 rw-p 00000000 00:00 0 
7f1c3daf0000-7f1c3dc00000 rw-p 00000000 00:00 0 
7f1c3dc00000-7f1c3dc10000 r-xp 00000000 00:4bd 310                       /home/runner/CardGame/.cache/jdt-language-server/config/org.eclipse.equinox.launcher/org.eclipse.equinox.launcher.gtk.linux.x86_64_1.2.400.v20211117-0650/eclipse_11600.so
7f1c3dc10000-7f1c3de0f000 ---p 00010000 00:4bd 310                       /home/runner/CardGame/.cache/jdt-language-server/config/org.eclipse.equinox.launcher/org.eclipse.equinox.launcher.gtk.linux.x86_64_1.2.400.v20211117-0650/eclipse_11600.so
7f1c3de0f000-7f1c3de10000 r--p 0000f000 00:4bd 310                       /home/runner/CardGame/.cache/jdt-language-server/config/org.eclipse.equinox.launcher/org.eclipse.equinox.launcher.gtk.linux.x86_64_1.2.400.v20211117-0650/eclipse_11600.so
7f1c3de10000-7f1c3de11000 rw-p 00010000 00:4bd 310                       /home/runner/CardGame/.cache/jdt-language-server/config/org.eclipse.equinox.launcher/org.eclipse.equinox.launcher.gtk.linux.x86_64_1.2.400.v20211117-0650/eclipse_11600.so
7f1c3df00000-7f1c3e000000 ---p 00000000 00:00 0 
7f1c3e000000-7f1c3e5af000 r--p 01122000 00:4de 707802136                 /nix/store/gpxl5qgg8kicmcvivwmybwjlpf7wh20l-graalvm17-ce-22.3.0/lib/libjvmcicompiler.so
7f1c3e5af000-7f1c3e700000 r--p 00000000 00:00 0 
7f1c3e700000-7f1c3e73d000 rw-p 00000000 00:00 0 
7f1c3e73d000-7f1c3ec5d000 rw-p 0185f000 00:4de 707802136                 /nix/store/gpxl5qgg8kicmcvivwmybwjlpf7wh20l-graalvm17-ce-22.3.0/lib/libjvmcicompiler.so
7f1c3ec5d000-7f1c3f044000 r--p 01d7f000 00:4de 707802136                 /nix/store/gpxl5qgg8kicmcvivwmybwjlpf7wh20l-graalvm17-ce-22.3.0/lib/libjvmcicompiler.so
7f1c3f100000-7f1c3f104000 ---p 00000000 00:00 0 
7f1c3f104000-7f1c3f200000 rw-p 00000000 00:00 0 
7f1c3f300000-7f1c3f304000 ---p 00000000 00:00 0 
7f1c3f304000-7f1c3f400000 rw-p 00000000 00:00 0 
7f1c3f500000-7f1c3f504000 ---p 00000000 00:00 0 
7f1c3f504000-7f1c3f600000 rw-p 00000000 00:00 0 
7f1c3f700000-7f1c3f704000 ---p 00000000 00:00 0 
7f1c3f704000-7f1c3f800000 rw-p 00000000 00:00 0 
7f1c3f900000-7f1c3f904000 ---p 00000000 00:00 0 
7f1c3f904000-7f1c3fa00000 rw-p 00000000 00:00 0 
7f1c3fb00000-7f1c3fb04000 ---p 00000000 00:00 0 
7f1c3fb04000-7f1c3fc00000 rw-p 00000000 00:00 0 
7f1c3fd00000-7f1c3fd04000 ---p 00000000 00:00 0 
7f1c3fd04000-7f1c3fe00000 rw-p 00000000 00:00 0 
7f1c3ff00000-7f1c3ff04000 ---p 00000000 00:00 0 
7f1c3ff04000-7f1c40000000 rw-p 00000000 00:00 0 
7f1c40100000-7f1c40104000 ---p 00000000 00:00 0 
7f1c40104000-7f1c40200000 rw-p 00000000 00:00 0 
7f1c40300000-7f1c40304000 ---p 00000000 00:00 0 
7f1c40304000-7f1c40400000 rw-p 00000000 00:00 0 
7f1c40500000-7f1c40504000 ---p 00000000 00:00 0 
7f1c40504000-7f1c40600000 rw-p 00000000 00:00 0 
7f1c40700000-7f1c40704000 ---p 00000000 00:00 0 
7f1c40704000-7f1c40800000 rw-p 00000000 00:00 0 
7f1c40900000-7f1c40904000 ---p 00000000 00:00 0 
7f1c40904000-7f1c40a00000 rw-p 00000000 00:00 0 
7f1c41668000-7f1c41b00000 rw-p 00000000 00:00 0 
7f1c41c00000-7f1c43d6a000 r-xp 00000000 00:4de 707802136                 /nix/store/gpxl5qgg8kicmcvivwmybwjlpf7wh20l-graalvm17-ce-22.3.0/lib/libjvmcicompiler.so
7f1c43d6a000-7f1c43f69000 ---p 0216a000 00:4de 707802136                 /nix/store/gpxl5qgg8kicmcvivwmybwjlpf7wh20l-graalvm17-ce-22.3.0/lib/libjvmcicompiler.so
7f1c43f69000-7f1c43f6a000 r--p 02169000 00:4de 707802136                 /nix/store/gpxl5qgg8kicmcvivwmybwjlpf7wh20l-graalvm17-ce-22.3.0/lib/libjvmcicompiler.so
7f1c43f6a000-7f1c43f6c000 rw-p 0216a000 00:4de 707802136                 /nix/store/gpxl5qgg8kicmcvivwmybwjlpf7wh20l-graalvm17-ce-22.3.0/lib/libjvmcicompiler.so
7f1c43f6c000-7f1c43f6d000 rw-p 00000000 00:00 0 
7f1c43f6d000-7f1c43f72000 rw-p 023c3000 00:4de 707802136                 /nix/store/gpxl5qgg8kicmcvivwmybwjlpf7wh20l-graalvm17-ce-22.3.0/lib/libjvmcicompiler.so
7f1c44000000-7f1c44021000 rw-p 00000000 00:00 0 
7f1c44021000-7f1c48000000 ---p 00000000 00:00 0 
7f1c48000000-7f1c48021000 rw-p 00000000 00:00 0 
7f1c48021000-7f1c4c000000 ---p 00000000 00:00 0 
7f1c4c000000-7f1c4c021000 rw-p 00000000 00:00 0 
7f1c4c021000-7f1c50000000 ---p 00000000 00:00 0 
7f1c50000000-7f1c50021000 rw-p 00000000 00:00 0 
7f1c50021000-7f1c54000000 ---p 00000000 00:00 0 
7f1c54000000-7f1c540d1000 rw-p 00000000 00:00 0 
7f1c540d1000-7f1c58000000 ---p 00000000 00:00 0 
7f1c58000000-7f1c58a88000 rw-p 00000000 00:00 0 
7f1c58a88000-7f1c5c000000 ---p 00000000 00:00 0 
7f1c5c000000-7f1c5c021000 rw-p 00000000 00:00 0 
7f1c5c021000-7f1c60000000 ---p 00000000 00:00 0 
7f1c60000000-7f1c60021000 rw-p 00000000 00:00 0 
7f1c60021000-7f1c64000000 ---p 00000000 00:00 0 
7f1c64000000-7f1c64021000 rw-p 00000000 00:00 0 
7f1c64021000-7f1c68000000 ---p 00000000 00:00 0 
7f1c68000000-7f1c68021000 rw-p 00000000 00:00 0 
7f1c68021000-7f1c6c000000 ---p 00000000 00:00 0 
7f1c6c000000-7f1c6c021000 rw-p 00000000 00:00 0 
7f1c6c021000-7f1c70000000 ---p 00000000 00:00 0 
7f1c70000000-7f1c70021000 rw-p 00000000 00:00 0 
7f1c70021000-7f1c74000000 ---p 00000000 00:00 0 
7f1c74000000-7f1c74046000 rw-p 00000000 00:00 0 
7f1c74046000-7f1c78000000 ---p 00000000 00:00 0 
7f1c78100000-7f1c78104000 ---p 00000000 00:00 0 
7f1c78104000-7f1c78200000 rw-p 00000000 00:00 0 
7f1c78300000-7f1c78304000 ---p 00000000 00:00 0 
7f1c78304000-7f1c78400000 rw-p 00000000 00:00 0 
7f1c78500000-7f1c78504000 ---p 00000000 00:00 0 
7f1c78504000-7f1c78600000 rw-p 00000000 00:00 0 
7f1c78700000-7f1c78704000 ---p 00000000 00:00 0 
7f1c78704000-7f1c78800000 rw-p 00000000 00:00 0 
7f1c78918000-7f1c78919000 ---p 00000000 00:00 0 
7f1c78919000-7f1c78a1a000 rw-p 00000000 00:00 0 
7f1c78a1a000-7f1c78a1e000 ---p 00000000 00:00 0 
7f1c78a1e000-7f1c78b1a000 rw-p 00000000 00:00 0 
7f1c78b1a000-7f1c78b1e000 ---p 00000000 00:00 0 
7f1c78b1e000-7f1c78c1a000 rw-p 00000000 00:00 0 
7f1c78c1a000-7f1c78c1e000 ---p 00000000 00:00 0 
7f1c78c1e000-7f1c78d1a000 rw-p 00000000 00:00 0 
7f1c78d1a000-7f1c78d1e000 ---p 00000000 00:00 0 
7f1c78d1e000-7f1c78f1a000 rw-p 00000000 00:00 0 
7f1c78f1a000-7f1c78f1e000 ---p 00000000 00:00 0 
7f1c78f1e000-7f1c7911a000 rw-p 00000000 00:00 0 
7f1c7911a000-7f1c7911e000 ---p 00000000 00:00 0 
7f1c7911e000-7f1c7921a000 rw-p 00000000 00:00 0 
7f1c7921a000-7f1c7921e000 ---p 00000000 00:00 0 
7f1c7921e000-7f1c7931a000 rw-p 00000000 00:00 0 
7f1c7931a000-7f1c7931e000 ---p 00000000 00:00 0 
7f1c7931e000-7f1c7941a000 rw-p 00000000 00:00 0 
7f1c7941a000-7f1c79700000 r--p 00000000 00:21f 28444448                  /usr/lib/locale/locale-archive
7f1c79700000-7f1c79704000 ---p 00000000 00:00 0 
7f1c79704000-7f1c79bf0000 rw-p 00000000 00:00 0 
7f1c79bf0000-7f1c79ef0000 rw-p 00000000 00:00 0 
7f1c79ef0000-7f1c7a000000 rw-p 00000000 00:00 0 
7f1c7a0e0000-7f1c7a0e4000 ---p 00000000 00:00 0 
7f1c7a0e4000-7f1c7a1e0000 rw-p 00000000 00:00 0 
7f1c7a1e0000-7f1c7a1e1000 ---p 00000000 00:00 0 
7f1c7a1e1000-7f1c7a2e2000 rw-p 00000000 00:00 0 
7f1c7a2e2000-7f1c7a3b0000 r-xp 00000000 00:4de 707802132                 /nix/store/gpxl5qgg8kicmcvivwmybwjlpf7wh20l-graalvm17-ce-22.3.0/lib/libjsvml.so
7f1c7a3b0000-7f1c7a3b1000 r--p 000cd000 00:4de 707802132                 /nix/store/gpxl5qgg8kicmcvivwmybwjlpf7wh20l-graalvm17-ce-22.3.0/lib/libjsvml.so
7f1c7a3b1000-7f1c7a3b2000 rw-p 000ce000 00:4de 707802132                 /nix/store/gpxl5qgg8kicmcvivwmybwjlpf7wh20l-graalvm17-ce-22.3.0/lib/libjsvml.so
7f1c7a3b2000-7f1c7b4b3000 rw-p 00000000 00:00 0 
7f1c7b4b3000-7f1c7b723000 rwxp 00000000 00:00 0 
7f1c7b723000-7f1c7ba42000 ---p 00000000 00:00 0 
7f1c7ba42000-7f1c7c542000 rwxp 00000000 00:00 0 
7f1c7c542000-7f1c82f7a000 ---p 00000000 00:00 0 
7f1c82f7a000-7f1c831ea000 rwxp 00000000 00:00 0 
7f1c831ea000-7f1c8a4b3000 ---p 00000000 00:00 0 
7f1c8a4b3000-7f1c94000000 r--s 00000000 00:4de 707804677                 /nix/store/gpxl5qgg8kicmcvivwmybwjlpf7wh20l-graalvm17-ce-22.3.0/lib/modules
7f1c94000000-7f1c943fd000 rw-p 00000000 00:00 0 
7f1c943fd000-7f1c98000000 ---p 00000000 00:00 0 
7f1c98058000-7f1c9805c000 ---p 00000000 00:00 0 
7f1c9805c000-7f1c9807a000 rw-p 00000000 00:00 0 
7f1c9807a000-7f1c98081000 r-xp 00000000 00:4de 707804676                 /nix/store/gpxl5qgg8kicmcvivwmybwjlpf7wh20l-graalvm17-ce-22.3.0/lib/libzip.so
7f1c98081000-7f1c98082000 ---p 00007000 00:4de 707804676                 /nix/store/gpxl5qgg8kicmcvivwmybwjlpf7wh20l-graalvm17-ce-22.3.0/lib/libzip.so
7f1c98082000-7f1c98083000 r--p 00007000 00:4de 707804676                 /nix/store/gpxl5qgg8kicmcvivwmybwjlpf7wh20l-graalvm17-ce-22.3.0/lib/libzip.so
7f1c98083000-7f1c98084000 rw-p 00008000 00:4de 707804676                 /nix/store/gpxl5qgg8kicmcvivwmybwjlpf7wh20l-graalvm17-ce-22.3.0/lib/libzip.so
7f1c98084000-7f1c98086000 rw-p 0000b000 00:4de 707804676                 /nix/store/gpxl5qgg8kicmcvivwmybwjlpf7wh20l-graalvm17-ce-22.3.0/lib/libzip.so
7f1c98086000-7f1c9809b000 r-xp 00000000 00:4de 707804666                 /nix/store/gpxl5qgg8kicmcvivwmybwjlpf7wh20l-graalvm17-ce-22.3.0/lib/libnet.so
7f1c9809b000-7f1c9809c000 ---p 00015000 00:4de 707804666                 /nix/store/gpxl5qgg8kicmcvivwmybwjlpf7wh20l-graalvm17-ce-22.3.0/lib/libnet.so
7f1c9809c000-7f1c9809d000 r--p 00015000 00:4de 707804666                 /nix/store/gpxl5qgg8kicmcvivwmybwjlpf7wh20l-graalvm17-ce-22.3.0/lib/libnet.so
7f1c9809d000-7f1c9809e000 rw-p 00016000 00:4de 707804666                 /nix/store/gpxl5qgg8kicmcvivwmybwjlpf7wh20l-graalvm17-ce-22.3.0/lib/libnet.so
7f1c9809e000-7f1c980a1000 rw-p 0001b000 00:4de 707804666                 /nix/store/gpxl5qgg8kicmcvivwmybwjlpf7wh20l-graalvm17-ce-22.3.0/lib/libnet.so
7f1c980a1000-7f1c980b4000 r-xp 00000000 00:4de 707804667                 /nix/store/gpxl5qgg8kicmcvivwmybwjlpf7wh20l-graalvm17-ce-22.3.0/lib/libnio.so
7f1c980b4000-7f1c980b5000 r--p 00012000 00:4de 707804667                 /nix/store/gpxl5qgg8kicmcvivwmybwjlpf7wh20l-graalvm17-ce-22.3.0/lib/libnio.so
7f1c980b5000-7f1c980b6000 rw-p 00013000 00:4de 707804667                 /nix/store/gpxl5qgg8kicmcvivwmybwjlpf7wh20l-graalvm17-ce-22.3.0/lib/libnio.so
7f1c980b6000-7f1c980bb000 rw-p 00019000 00:4de 707804667                 /nix/store/gpxl5qgg8kicmcvivwmybwjlpf7wh20l-graalvm17-ce-22.3.0/lib/libnio.so
7f1c980bb000-7f1c98892000 rw-p 00000000 00:00 0 
7f1c98892000-7f1c98893000 ---p 00000000 00:00 0 
7f1c98893000-7f1c98a3b000 rw-p 00000000 00:00 0 
7f1c98a3b000-7f1c98a61000 rw-p 00000000 00:00 0 
7f1c98a61000-7f1c98a94000 ---p 00000000 00:00 0 
7f1c98a94000-7f1c98a9a000 rw-p 00000000 00:00 0 
7f1c98a9a000-7f1c98b80000 ---p 00000000 00:00 0 
7f1c98b80000-7f1c98b96000 rw-p 00000000 00:00 0 
7f1c98b96000-7f1c98c6b000 ---p 00000000 00:00 0 
7f1c98c6b000-7f1c98c70000 rw-p 00000000 00:00 0 
7f1c98c70000-7f1c98c77000 ---p 00000000 00:00 0 
7f1c98c77000-7f1c98c9b000 r-xp 00000000 00:4de 707802124                 /nix/store/gpxl5qgg8kicmcvivwmybwjlpf7wh20l-graalvm17-ce-22.3.0/lib/libjava.so
7f1c98c9b000-7f1c98c9c000 ---p 00024000 00:4de 707802124                 /nix/store/gpxl5qgg8kicmcvivwmybwjlpf7wh20l-graalvm17-ce-22.3.0/lib/libjava.so
7f1c98c9c000-7f1c98c9d000 r--p 00024000 00:4de 707802124                 /nix/store/gpxl5qgg8kicmcvivwmybwjlpf7wh20l-graalvm17-ce-22.3.0/lib/libjava.so
7f1c98c9d000-7f1c98c9e000 rw-p 00025000 00:4de 707802124                 /nix/store/gpxl5qgg8kicmcvivwmybwjlpf7wh20l-graalvm17-ce-22.3.0/lib/libjava.so
7f1c98c9e000-7f1c98c9f000 rw-p 00000000 00:00 0 
7f1c98c9f000-7f1c98ca6000 rw-p 0002f000 00:4de 707802124                 /nix/store/gpxl5qgg8kicmcvivwmybwjlpf7wh20l-graalvm17-ce-22.3.0/lib/libjava.so
7f1c98ca6000-7f1c98cae000 rw-s 00000000 00:1ff 386                       /tmp/hsperfdata_runner/40
7f1c98cae000-7f1c98caf000 ---p 00000000 00:00 0 
7f1c98caf000-7f1c98cb0000 r--p 00000000 00:00 0 
7f1c98cb0000-7f1c98cb1000 rwxp 00000000 00:00 0 
7f1c98cb1000-7f1c98ccc000 r-xp 00000000 00:4de 707802128                 /nix/store/gpxl5qgg8kicmcvivwmybwjlpf7wh20l-graalvm17-ce-22.3.0/lib/libjimage.so
7f1c98ccc000-7f1c98ccd000 ---p 0001b000 00:4de 707802128                 /nix/store/gpxl5qgg8kicmcvivwmybwjlpf7wh20l-graalvm17-ce-22.3.0/lib/libjimage.so
7f1c98ccd000-7f1c98ccf000 r--p 0001b000 00:4de 707802128                 /nix/store/gpxl5qgg8kicmcvivwmybwjlpf7wh20l-graalvm17-ce-22.3.0/lib/libjimage.so
7f1c98ccf000-7f1c98cd0000 rw-p 0001d000 00:4de 707802128                 /nix/store/gpxl5qgg8kicmcvivwmybwjlpf7wh20l-graalvm17-ce-22.3.0/lib/libjimage.so
7f1c98cd0000-7f1c98cd1000 rw-p 00024000 00:4de 707802128                 /nix/store/gpxl5qgg8kicmcvivwmybwjlpf7wh20l-graalvm17-ce-22.3.0/lib/libjimage.so
7f1c98cd1000-7f1c98cd5000 ---p 00000000 00:00 0 
7f1c98cd5000-7f1c98dd1000 rw-p 00000000 00:00 0 
7f1c98dd1000-7f1c98ddf000 r--p 00000000 00:4de 600592023                 /nix/store/4nlgxhb09sdr51nc9hdm8az5b08vzkgx-glibc-2.35-163/lib/libm.so.6
7f1c98ddf000-7f1c98e52000 r-xp 0000e000 00:4de 600592023                 /nix/store/4nlgxhb09sdr51nc9hdm8az5b08vzkgx-glibc-2.35-163/lib/libm.so.6
7f1c98e52000-7f1c98eaf000 r--p 00081000 00:4de 600592023                 /nix/store/4nlgxhb09sdr51nc9hdm8az5b08vzkgx-glibc-2.35-163/lib/libm.so.6
7f1c98eaf000-7f1c98eb0000 r--p 000dd000 00:4de 600592023                 /nix/store/4nlgxhb09sdr51nc9hdm8az5b08vzkgx-glibc-2.35-163/lib/libm.so.6
7f1c98eb0000-7f1c98eb1000 rw-p 000de000 00:4de 600592023                 /nix/store/4nlgxhb09sdr51nc9hdm8az5b08vzkgx-glibc-2.35-163/lib/libm.so.6
7f1c98eb1000-7f1c98eb2000 r--p 00000000 00:4de 600592042                 /nix/store/4nlgxhb09sdr51nc9hdm8az5b08vzkgx-glibc-2.35-163/lib/librt.so.1
7f1c98eb2000-7f1c98eb3000 r-xp 00001000 00:4de 600592042                 /nix/store/4nlgxhb09sdr51nc9hdm8az5b08vzkgx-glibc-2.35-163/lib/librt.so.1
7f1c98eb3000-7f1c98eb4000 r--p 00002000 00:4de 600592042                 /nix/store/4nlgxhb09sdr51nc9hdm8az5b08vzkgx-glibc-2.35-163/lib/librt.so.1
7f1c98eb4000-7f1c98eb5000 r--p 00002000 00:4de 600592042                 /nix/store/4nlgxhb09sdr51nc9hdm8az5b08vzkgx-glibc-2.35-163/lib/librt.so.1
7f1c98eb5000-7f1c98eb6000 rw-p 00003000 00:4de 600592042                 /nix/store/4nlgxhb09sdr51nc9hdm8az5b08vzkgx-glibc-2.35-163/lib/librt.so.1
7f1c98eb6000-7f1c99fc9000 r-xp 00000000 00:4de 707972962                 /nix/store/gpxl5qgg8kicmcvivwmybwjlpf7wh20l-graalvm17-ce-22.3.0/lib/server/libjvm.so
7f1c99fc9000-7f1c99fca000 ---p 01113000 00:4de 707972962                 /nix/store/gpxl5qgg8kicmcvivwmybwjlpf7wh20l-graalvm17-ce-22.3.0/lib/server/libjvm.so
7f1c99fca000-7f1c9a07f000 r--p 01113000 00:4de 707972962                 /nix/store/gpxl5qgg8kicmcvivwmybwjlpf7wh20l-graalvm17-ce-22.3.0/lib/server/libjvm.so
7f1c9a07f000-7f1c9a0b3000 rw-p 011c8000 00:4de 707972962                 /nix/store/gpxl5qgg8kicmcvivwmybwjlpf7wh20l-graalvm17-ce-22.3.0/lib/server/libjvm.so
7f1c9a0b3000-7f1c9a10f000 rw-p 00000000 00:00 0 
7f1c9a10f000-7f1c9a137000 r--p 00000000 00:4de 600592014                 /nix/store/4nlgxhb09sdr51nc9hdm8az5b08vzkgx-glibc-2.35-163/lib/libc.so.6
7f1c9a137000-7f1c9a2ad000 r-xp 00028000 00:4de 600592014                 /nix/store/4nlgxhb09sdr51nc9hdm8az5b08vzkgx-glibc-2.35-163/lib/libc.so.6
7f1c9a2ad000-7f1c9a305000 r--p 0019e000 00:4de 600592014                 /nix/store/4nlgxhb09sdr51nc9hdm8az5b08vzkgx-glibc-2.35-163/lib/libc.so.6
7f1c9a305000-7f1c9a309000 r--p 001f6000 00:4de 600592014                 /nix/store/4nlgxhb09sdr51nc9hdm8az5b08vzkgx-glibc-2.35-163/lib/libc.so.6
7f1c9a309000-7f1c9a30b000 rw-p 001fa000 00:4de 600592014                 /nix/store/4nlgxhb09sdr51nc9hdm8az5b08vzkgx-glibc-2.35-163/lib/libc.so.6
7f1c9a30b000-7f1c9a31a000 rw-p 00000000 00:00 0 
7f1c9a31a000-7f1c9a31b000 r--p 00000000 00:4de 600592019                 /nix/store/4nlgxhb09sdr51nc9hdm8az5b08vzkgx-glibc-2.35-163/lib/libdl.so.2
7f1c9a31b000-7f1c9a31c000 r-xp 00001000 00:4de 600592019                 /nix/store/4nlgxhb09sdr51nc9hdm8az5b08vzkgx-glibc-2.35-163/lib/libdl.so.2
7f1c9a31c000-7f1c9a31d000 r--p 00002000 00:4de 600592019                 /nix/store/4nlgxhb09sdr51nc9hdm8az5b08vzkgx-glibc-2.35-163/lib/libdl.so.2
7f1c9a31d000-7f1c9a31e000 r--p 00002000 00:4de 600592019                 /nix/store/4nlgxhb09sdr51nc9hdm8az5b08vzkgx-glibc-2.35-163/lib/libdl.so.2
7f1c9a31e000-7f1c9a31f000 rw-p 00003000 00:4de 600592019                 /nix/store/4nlgxhb09sdr51nc9hdm8az5b08vzkgx-glibc-2.35-163/lib/libdl.so.2
7f1c9a31f000-7f1c9a320000 r--p 00000000 00:4de 600592038                 /nix/store/4nlgxhb09sdr51nc9hdm8az5b08vzkgx-glibc-2.35-163/lib/libpthread.so.0
7f1c9a320000-7f1c9a321000 r-xp 00001000 00:4de 600592038                 /nix/store/4nlgxhb09sdr51nc9hdm8az5b08vzkgx-glibc-2.35-163/lib/libpthread.so.0
7f1c9a321000-7f1c9a322000 r--p 00002000 00:4de 600592038                 /nix/store/4nlgxhb09sdr51nc9hdm8az5b08vzkgx-glibc-2.35-163/lib/libpthread.so.0
7f1c9a322000-7f1c9a323000 r--p 00002000 00:4de 600592038                 /nix/store/4nlgxhb09sdr51nc9hdm8az5b08vzkgx-glibc-2.35-163/lib/libpthread.so.0
7f1c9a323000-7f1c9a324000 rw-p 00003000 00:4de 600592038                 /nix/store/4nlgxhb09sdr51nc9hdm8az5b08vzkgx-glibc-2.35-163/lib/libpthread.so.0
7f1c9a324000-7f1c9a332000 r-xp 00000000 00:4de 707802129                 /nix/store/gpxl5qgg8kicmcvivwmybwjlpf7wh20l-graalvm17-ce-22.3.0/lib/libjli.so
7f1c9a332000-7f1c9a333000 ---p 0000e000 00:4de 707802129                 /nix/store/gpxl5qgg8kicmcvivwmybwjlpf7wh20l-graalvm17-ce-22.3.0/lib/libjli.so
7f1c9a333000-7f1c9a334000 r--p 0000e000 00:4de 707802129                 /nix/store/gpxl5qgg8kicmcvivwmybwjlpf7wh20l-graalvm17-ce-22.3.0/lib/libjli.so
7f1c9a334000-7f1c9a335000 rw-p 0000f000 00:4de 707802129                 /nix/store/gpxl5qgg8kicmcvivwmybwjlpf7wh20l-graalvm17-ce-22.3.0/lib/libjli.so
7f1c9a335000-7f1c9a336000 rw-p 00012000 00:4de 707802129                 /nix/store/gpxl5qgg8kicmcvivwmybwjlpf7wh20l-graalvm17-ce-22.3.0/lib/libjli.so
7f1c9a336000-7f1c9a339000 r--p 00000000 00:4de 678822167                 /nix/store/026hln0aq1hyshaxsdvhg0kmcm6yf45r-zlib-1.2.13/lib/libz.so.1.2.13
7f1c9a339000-7f1c9a34b000 r-xp 00003000 00:4de 678822167                 /nix/store/026hln0aq1hyshaxsdvhg0kmcm6yf45r-zlib-1.2.13/lib/libz.so.1.2.13
7f1c9a34b000-7f1c9a352000 r--p 00015000 00:4de 678822167                 /nix/store/026hln0aq1hyshaxsdvhg0kmcm6yf45r-zlib-1.2.13/lib/libz.so.1.2.13
7f1c9a352000-7f1c9a353000 r--p 0001b000 00:4de 678822167                 /nix/store/026hln0aq1hyshaxsdvhg0kmcm6yf45r-zlib-1.2.13/lib/libz.so.1.2.13
7f1c9a353000-7f1c9a354000 rw-p 0001c000 00:4de 678822167                 /nix/store/026hln0aq1hyshaxsdvhg0kmcm6yf45r-zlib-1.2.13/lib/libz.so.1.2.13
7f1c9a354000-7f1c9a356000 rw-p 00000000 00:00 0 
7f1c9a356000-7f1c9a358000 r--p 00000000 00:4de 600592008                 /nix/store/4nlgxhb09sdr51nc9hdm8az5b08vzkgx-glibc-2.35-163/lib/ld-linux-x86-64.so.2
7f1c9a358000-7f1c9a37f000 r-xp 00002000 00:4de 600592008                 /nix/store/4nlgxhb09sdr51nc9hdm8az5b08vzkgx-glibc-2.35-163/lib/ld-linux-x86-64.so.2
7f1c9a37f000-7f1c9a38b000 r--p 00029000 00:4de 600592008                 /nix/store/4nlgxhb09sdr51nc9hdm8az5b08vzkgx-glibc-2.35-163/lib/ld-linux-x86-64.so.2
7f1c9a38b000-7f1c9a38d000 r--p 00034000 00:4de 600592008                 /nix/store/4nlgxhb09sdr51nc9hdm8az5b08vzkgx-glibc-2.35-163/lib/ld-linux-x86-64.so.2
7f1c9a38d000-7f1c9a38f000 rw-p 00036000 00:4de 600592008                 /nix/store/4nlgxhb09sdr51nc9hdm8az5b08vzkgx-glibc-2.35-163/lib/ld-linux-x86-64.so.2
7fffb3005000-7fffb3029000 rw-p 00000000 00:00 0                          [stack]
7fffb30fb000-7fffb30ff000 r--p 00000000 00:00 0                          [vvar]
7fffb30ff000-7fffb3101000 r-xp 00000000 00:00 0                          [vdso]
ffffffffff600000-ffffffffff601000 --xp 00000000 00:00 0                  [vsyscall]


VM Arguments:
jvm_args: -XX:ThreadPriorityPolicy=1 -XX:+UnlockExperimentalVMOptions -XX:+EnableJVMCIProduct -XX:JVMCIThreadsPerNativeLibraryRuntime=1 -XX:-UnlockExperimentalVMOptions -Declipse.application=org.eclipse.jdt.ls.core.id1 -Dosgi.bundles.defaultStartLevel=4 -Declipse.product=org.eclipse.jdt.ls.core.product -Dlog.level=ALL -Xverify:none -XX:+UseParallelGC -XX:GCTimeRatio=4 -XX:AdaptiveSizePolicyWeight=90 -Dsun.zip.disableMemoryMapping=true -Xmx512m -Xms100m 
java_command: /nix/store/a7s9klvriqi68xz3qjc0qyfl5h86xc16-jdt-language-server-1.9.0/share/java/plugins/org.eclipse.equinox.launcher_1.6.400.v20210924-0641.jar --add-modules=ALL-SYSTEM --add-opens java.base/java.util=ALL-UNNAMED --add-opens java.base/java.lang=ALL-UNNAMED -configuration /home/runner/CardGame/.cache/jdt-language-server/config -data /home/runner/CardGame/.cache/jdt-language-server/data/home/runner/CardGame
java_class_path (initial): /nix/store/a7s9klvriqi68xz3qjc0qyfl5h86xc16-jdt-language-server-1.9.0/share/java/plugins/org.eclipse.equinox.launcher_1.6.400.v20210924-0641.jar
Launcher Type: SUN_STANDARD

[Global flags]
    uintx AdaptiveSizePolicyWeight                 = 90                                        {product} {command line}
     intx CICompilerCount                          = 2                                         {product} {ergonomic}
     bool EnableJVMCIProduct                       = true                                {JVMCI product} {jimage}
    uintx GCTimeRatio                              = 4                                         {product} {command line}
   size_t InitialHeapSize                          = 104857600                                 {product} {command line}
     uint JVMCIThreadsPerNativeLibraryRuntime      = 1                                   {JVMCI product} {jimage}
   size_t MaxHeapSize                              = 536870912                                 {product} {command line}
   size_t MaxNewSize                               = 178782208                                 {product} {ergonomic}
   size_t MinHeapDeltaBytes                        = 524288                                    {product} {ergonomic}
   size_t MinHeapSize                              = 104857600                                 {product} {command line}
   size_t NewSize                                  = 34603008                                  {product} {ergonomic}
    uintx NonNMethodCodeHeapSize                   = 5826188                                {pd product} {ergonomic}
    uintx NonProfiledCodeHeapSize                  = 122916026                              {pd product} {ergonomic}
   size_t OldSize                                  = 70254592                                  {product} {ergonomic}
    uintx ProfiledCodeHeapSize                     = 122916026                              {pd product} {ergonomic}
    uintx ReservedCodeCacheSize                    = 251658240                              {pd product} {ergonomic}
     bool SegmentedCodeCache                       = true                                      {product} {ergonomic}
   size_t SoftMaxHeapSize                          = 536870912                              {manageable} {ergonomic}
     intx ThreadPriorityPolicy                     = 1                                         {product} {jimage}
     bool UseCompressedClassPointers               = true                           {product lp64_product} {ergonomic}
     bool UseCompressedOops                        = true                           {product lp64_product} {ergonomic}
     bool UseParallelGC                            = true                                      {product} {command line}

Logging:
Log output configuration:
 #0: stdout all=warning uptime,level,tags
 #1: stderr all=off uptime,level,tags

Environment Variables:
JAVA_HOME=/nix/store/gpxl5qgg8kicmcvivwmybwjlpf7wh20l-graalvm17-ce-22.3.0
PATH=/nix/store/1d6ian3r8kdzspw8hacjhl3xkp40g1lj-binutils-wrapper-2.39/bin:/nix/store/dq0xwmsk1g0i2ayg6pb7y87na2knzylh-gcc-wrapper-11.3.0/bin:/nix/store/bap4d0lpcrhpwmpb8ayjcgkmvfj62lnq-bash-interactive-5.1-p16/bin:/nix/store/pr5n59mb4jzmfx6kanwxly0l07p861fg-patchelf-0.15.0/bin:/nix/store/1gf2flfqnpqbr1b4p4qz2f72y42bs56r-gcc-11.3.0/bin:/nix/store/57xv61c5zi8pphjbcwxxjlgc34p61ic9-glibc-2.35-163-bin/bin:/nix/store/a7gvj343m05j2s32xcnwr35v31ynlypr-coreutils-9.1/bin:/nix/store/039g378vc3pc3dvi9dzdlrd0i4q93qwf-binutils-2.39/bin:/nix/store/gpxl5qgg8kicmcvivwmybwjlpf7wh20l-graalvm17-ce-22.3.0/bin:/nix/store/6z9ag3ihc8mq2hzsw48lhbznvzny65nz-apache-maven-3.8.6/bin:/nix/store/a7s9klvriqi68xz3qjc0qyfl5h86xc16-jdt-language-server-1.9.0/bin:/nix/store/48ifl2w60a3zp7yskbpnvn8jp9jdsb7k-java-debug/bin:/nix/store/mydc6f4k2z73xlcz7ilif3v2lcaiqvza-findutils-4.9.0/bin:/nix/store/j9p3g8472iijd50vhdprx0nmk2fqn5gv-diffutils-3.8/bin:/nix/store/89zs7rms6x00xfq4dq6m7mjnhkr8a6r4-gnused-4.8/bin:/nix/store/86bp03jkmsl6f92w0yzg4s59g5mhxwmy-gnugrep-3.7/bin:/nix/store/hwcdqw4jrjnd37wxqgsd47hd0j8bnj09-gawk-5.1.1/bin:/nix/store/cfbhw8r8ags41vwqaz47r583d0p4h4a1-gnutar-1.34/bin:/nix/store/p3m1ndl1lapwrlh698bnb5lvvxh67378-gzip-1.12/bin:/nix/store/a8mhcagrsly7c7mpjrpsnaahk4aax056-bzip2-1.0.8-bin/bin:/nix/store/mblgz65m3zv9x548a3d5m96fj2pbwr09-gnumake-4.3/bin:/nix/store/dsd5gz46hdbdk2rfdimqddhq6m8m8fqs-bash-5.1-p16/bin:/nix/store/v7ljksji50mg3w61dykaa3n3y79n6nil-patch-2.7.6/bin:/nix/store/zlcnmqq14jz5x9439jf937mvayyl63da-xz-5.2.7-bin/bin:/nix/store/y6aj732zm9m87c82fpvf103a1xb22blp-file-5.43/bin:/nix/store/yq0vlv3d2f5si3ibawpq5ay2pc6knixp-nix-2.18.0pre20230808_c0e6466/bin:/nix/store/i4kzir3m7mrisxmf5xvlnkw01x4qaqr4-prybar-elisp-0.0.0-e0d9a52/bin:/nix/store/lwwivxf6h7x3cvxp9zv8sj0mv7dak99r-prybar-lua-0.0.0-e0d9a52/bin:/nix/store/gxj28g1cg4hq3qanmjv07156h800qr58-prybar-python3-0.0.0-e0d9a52/bin:/nix/store/hshkjnxrgidigf8x75vg6lqng2xlx9i3-prybar-sqlite-0.0.0-e0d9a52/bin:/nix/store/c4w01bpjgyy5ixmwdk8m1pw87zq4sl
LD_LIBRARY_PATH=/nix/store/a4pff549sk2idnkpzk5nsfps3mdkdnvm-cups-2.4.2-lib/lib:/nix/store/72mqxxhh3cy5yifh92wh2yb8cl2hikyy-cairo-1.16.0/lib:/nix/store/2k366jrbsra97gjfxwvrhvixjfxdach5-glib-2.74.1/lib:/nix/store/2j2znigd8ak37rlwh9khz0ry3clqlw1l-gtk+3-3.24.34/lib:/nix/store/hisqvx32cd57apbpcsnkpx6k3549wql1-libglvnd-1.4.0/lib:/nix/store/p36pgcv991mq5srvg765b78yqpxvk3qs-mesa-21.3.3-drivers/lib:/nix/store/mav4251if1ahjq5vkpwycyyvnmy459c4-pulseaudio-14.2/lib
DISPLAY=:0
LANG=en_US.UTF-8

Signal Handlers:
   SIGSEGV: crash_handler in libjvm.so, mask=11100100010111111101111111111110, flags=SA_RESTART|SA_SIGINFO
    SIGBUS: crash_handler in libjvm.so, mask=11100100010111111101111111111110, flags=SA_RESTART|SA_SIGINFO
    SIGFPE: crash_handler in libjvm.so, mask=11100100010111111101111111111110, flags=SA_RESTART|SA_SIGINFO
   SIGPIPE: IsolateEnterStub_IgnoreSIGPIPEStartupHook_noopSignalHandler_8f19bff2f35b5f630d83b364d6b2339320d4ec70_216e8361c6bc87a8f89f58cc10d3b2fd4415bf87 in libjvmcicompiler.so, mask=00000000000000000000000000000000, flags=SA_RESTART
  *** Handler was modified!
  *** Expected: javaSignalHandler in libjvm.so, mask=11100100110111111111111111111110, flags=SA_RESTART|SA_SIGINFO
   SIGXFSZ: javaSignalHandler in libjvm.so, mask=11100100010111111101111111111110, flags=SA_RESTART|SA_SIGINFO
    SIGILL: crash_handler in libjvm.so, mask=11100100010111111101111111111110, flags=SA_RESTART|SA_SIGINFO
   SIGUSR2: SR_handler in libjvm.so, mask=00000000000000000000000000000000, flags=SA_RESTART|SA_SIGINFO
    SIGHUP: UserHandler in libjvm.so, mask=11100100010111111101111111111110, flags=SA_RESTART|SA_SIGINFO
    SIGINT: UserHandler in libjvm.so, mask=11100100010111111101111111111110, flags=SA_RESTART|SA_SIGINFO
   SIGTERM: UserHandler in libjvm.so, mask=11100100010111111101111111111110, flags=SA_RESTART|SA_SIGINFO
   SIGQUIT: UserHandler in libjvm.so, mask=11100100010111111101111111111110, flags=SA_RESTART|SA_SIGINFO
  *** Handler was modified!
  *** Expected: javaSignalHandler in libjvm.so, mask=11100100110111111111111111111110, flags=SA_RESTART|SA_SIGINFO
   SIGTRAP: crash_handler in libjvm.so, mask=11100100010111111101111111111110, flags=SA_RESTART|SA_SIGINFO


---------------  S Y S T E M  ---------------

OS:
DISTRIB_ID=Ubuntu
DISTRIB_RELEASE=20.04
DISTRIB_CODENAME=focal
DISTRIB_DESCRIPTION="Ubuntu 20.04.2 LTS"
uname: Linux 6.2.0-1019-gcp #21~22.04.1-Ubuntu SMP Thu Nov 16 18:18:34 UTC 2023 x86_64
OS uptime: 0 days 16:13 hours
libc: glibc 2.35 NPTL 2.35 
rlimit (soft/hard): STACK 8192k/infinity , CORE infinity/infinity , NPROC infinity/infinity , NOFILE 5242/5242 , AS infinity/infinity , CPU infinity/infinity , DATA infinity/infinity , FSIZE infinity/infinity , MEMLOCK 8192k/8192k
load average: 11.82 12.33 11.41

/proc/meminfo:
MemTotal:       65835928 kB
MemFree:        30924396 kB
MemAvailable:   39347880 kB
Buffers:         1285008 kB
Cached:          6927572 kB
SwapCached:            0 kB
Active:          5313804 kB
Inactive:       27811828 kB
Active(anon):       5864 kB
Inactive(anon): 24804492 kB
Active(file):    5307940 kB
Inactive(file):  3007336 kB
Unevictable:       29240 kB
Mlocked:           29240 kB
SwapTotal:             0 kB
SwapFree:              0 kB
Zswap:                 0 kB
Zswapped:              0 kB
Dirty:              6664 kB
Writeback:             0 kB
AnonPages:      22224476 kB
Mapped:          1679132 kB
Shmem:             66060 kB
KReclaimable:     834660 kB
Slab:            1215596 kB
SReclaimable:     834660 kB
SUnreclaim:       380936 kB
KernelStack:       82020 kB
PageTables:       182256 kB
SecPageTables:         0 kB
NFS_Unstable:          0 kB
Bounce:                0 kB
WritebackTmp:          0 kB
CommitLimit:    32917964 kB
Committed_AS:   51751496 kB
VmallocTotal:   34359738367 kB
VmallocUsed:      106452 kB
VmallocChunk:          0 kB
Percpu:            32288 kB
HardwareCorrupted:     0 kB
AnonHugePages:   5451776 kB
ShmemHugePages:        0 kB
ShmemPmdMapped:        0 kB
FileHugePages:         0 kB
FilePmdMapped:         0 kB
HugePages_Total:       0
HugePages_Free:        0
HugePages_Rsvd:        0
HugePages_Surp:        0
Hugepagesize:       2048 kB
Hugetlb:               0 kB
DirectMap4k:      160568 kB
DirectMap2M:    14516224 kB
DirectMap1G:    54525952 kB

/sys/kernel/mm/transparent_hugepage/enabled: always [madvise] never
/sys/kernel/mm/transparent_hugepage/defrag (defrag/compaction efforts parameter): always defer defer+madvise [madvise] never

Process Memory:
Virtual Size: 4447300K (peak: 4487088K)
Resident Set Size: 737132K (peak: 762436K) (anon: 539992K, file: 197140K, shmem: 0K)
Swapped out: 0K
C-Heap outstanding allocations: 36260K, retained: 13683K
glibc malloc tunables: (default)

/proc/sys/kernel/threads-max (system-wide limit on the number of threads): 514278
/proc/sys/vm/max_map_count (maximum number of memory map areas a process may have): 65530
/proc/sys/kernel/pid_max (system-wide limit on number of process identifiers): 4194304

container (cgroup) information:
container_type: cgroupv2
cpu_cpuset_cpus: not supported
cpu_memory_nodes: not supported
active_processor_count: 1
cpu_quota: 50000
cpu_period: 100000
cpu_shares: no shares
memory_limit_in_bytes: 1048576 k
memory_and_swap_limit_in_bytes: unlimited
memory_soft_limit_in_bytes: 524288 k
memory_usage_in_bytes: 604572 k
memory_max_usage_in_bytes: not supported
maximum number of tasks: not supported
current number of tasks: not supported

KVM virtualization detected
Steal ticks since vm start: 1273
Steal ticks percentage since vm start:  0.002

CPU: total 8 (initial active 1) (4 cores per cpu, 2 threads per core) family 6 model 79 stepping 0 microcode 0xffffffff, cx8, cmov, fxsr, ht, mmx, 3dnowpref, sse, sse2, sse3, ssse3, sse4.1, sse4.2, popcnt, lzcnt, tsc, tscinvbit, avx, avx2, aes, erms, clmul, bmi1, bmi2, rtm, adx, fma, vzeroupper, clflush, hv
CPU Model and flags from /proc/cpuinfo:
model name	: Intel(R) Xeon(R) CPU @ 2.20GHz
flags		: fpu vme de pse tsc msr pae mce cx8 apic sep mtrr pge mca cmov pat pse36 clflush mmx fxsr sse sse2 ss ht syscall nx pdpe1gb rdtscp lm constant_tsc rep_good nopl xtopology nonstop_tsc cpuid tsc_known_freq pni pclmulqdq ssse3 fma cx16 pcid sse4_1 sse4_2 x2apic movbe popcnt aes xsave avx f16c rdrand hypervisor lahf_lm abm 3dnowprefetch invpcid_single pti ssbd ibrs ibpb stibp fsgsbase tsc_adjust bmi1 hle avx2 smep bmi2 erms invpcid rtm rdseed adx smap xsaveopt arat md_clear arch_capabilities

Online cpus: 0-7
Offline cpus: 
BIOS frequency limitation: <Not Available>
Frequency switch latency (ns): <Not Available>
Available cpu frequencies: <Not Available>
Current governor: <Not Available>
Core performance/turbo boost: <Not Available>

Memory: 4k page, physical 1048576k(443992k free), swap 0k(0k free)
Page Sizes: 4k

vm_info: OpenJDK 64-Bit Server VM (17.0.5+8-jvmci-22.3-b08) for linux-amd64 JRE (17.0.5+8-jvmci-22.3-b08), built on Oct 19 2022 09:01:27 by "buildslave" with gcc 10.3.0

END.
